{"C:\\Users\\Brian\\Documents\\Undecided\\App.js": {"path":"C:\\Users\\Brian\\Documents\\Undecided\\App.js","statementMap":{"0":{"start":{"line":16,"column":0},"end":{"line":16,"column":42}},"1":{"start":{"line":16,"column":20},"end":{"line":16,"column":40}},"2":{"start":{"line":17,"column":0},"end":{"line":17,"column":42}},"3":{"start":{"line":17,"column":20},"end":{"line":17,"column":40}},"4":{"start":{"line":19,"column":14},"end":{"line":19,"column":42}},"5":{"start":{"line":21,"column":16},"end":{"line":21,"column":38}},"6":{"start":{"line":24,"column":28},"end":{"line":24,"column":40}},"7":{"start":{"line":25,"column":2},"end":{"line":40,"column":4}},"8":{"start":{"line":44,"column":22},"end":{"line":44,"column":23}},"9":{"start":{"line":45,"column":17},"end":{"line":45,"column":84}},"10":{"start":{"line":45,"column":50},"end":{"line":45,"column":83}},"11":{"start":{"line":46,"column":2},"end":{"line":48,"column":3}},"12":{"start":{"line":47,"column":6},"end":{"line":47,"column":36}},"13":{"start":{"line":49,"column":2},"end":{"line":49,"column":22}}},"fnMap":{"0":{"name":"App","decl":{"start":{"line":23,"column":24},"end":{"line":23,"column":27}},"loc":{"start":{"line":23,"column":30},"end":{"line":41,"column":1}},"line":23},"1":{"name":"getNutrientValue","decl":{"start":{"line":43,"column":16},"end":{"line":43,"column":32}},"loc":{"start":{"line":43,"column":55},"end":{"line":50,"column":1}},"line":43},"2":{"name":"(anonymous_2)","decl":{"start":{"line":45,"column":42},"end":{"line":45,"column":43}},"loc":{"start":{"line":45,"column":50},"end":{"line":45,"column":83}},"line":45}},"branchMap":{"0":{"loc":{"start":{"line":16,"column":0},"end":{"line":16,"column":42}},"type":"if","locations":[{"start":{"line":16,"column":0},"end":{"line":16,"column":42}},{"start":{},"end":{}}],"line":16},"1":{"loc":{"start":{"line":17,"column":0},"end":{"line":17,"column":42}},"type":"if","locations":[{"start":{"line":17,"column":0},"end":{"line":17,"column":42}},{"start":{},"end":{}}],"line":17},"2":{"loc":{"start":{"line":46,"column":2},"end":{"line":48,"column":3}},"type":"if","locations":[{"start":{"line":46,"column":2},"end":{"line":48,"column":3}},{"start":{},"end":{}}],"line":46}},"s":{"0":0,"1":0,"2":0,"3":0,"4":0,"5":0,"6":0,"7":0,"8":0,"9":0,"10":0,"11":0,"12":0,"13":0},"f":{"0":0,"1":0,"2":0},"b":{"0":[0,0],"1":[0,0],"2":[0,0]}}
,"C:\\Users\\Brian\\Documents\\Undecided\\DatabaseConstants.js": {"path":"C:\\Users\\Brian\\Documents\\Undecided\\DatabaseConstants.js","statementMap":{"0":{"start":{"line":1,"column":26},"end":{"line":1,"column":37}},"1":{"start":{"line":2,"column":25},"end":{"line":2,"column":35}},"2":{"start":{"line":3,"column":21},"end":{"line":3,"column":28}},"3":{"start":{"line":4,"column":21},"end":{"line":4,"column":28}},"4":{"start":{"line":5,"column":19},"end":{"line":5,"column":24}},"5":{"start":{"line":6,"column":24},"end":{"line":6,"column":34}},"6":{"start":{"line":7,"column":22},"end":{"line":7,"column":30}},"7":{"start":{"line":8,"column":22},"end":{"line":8,"column":30}},"8":{"start":{"line":9,"column":30},"end":{"line":9,"column":40}},"9":{"start":{"line":10,"column":36},"end":{"line":10,"column":45}},"10":{"start":{"line":11,"column":20},"end":{"line":11,"column":26}},"11":{"start":{"line":12,"column":28},"end":{"line":12,"column":41}}},"fnMap":{},"branchMap":{},"s":{"0":1,"1":1,"2":1,"3":1,"4":1,"5":1,"6":1,"7":1,"8":1,"9":1,"10":1,"11":1},"f":{},"b":{},"_coverageSchema":"1a1c01bbd47fc00a2c39e90264f33305004495a9","hash":"1c8817a649699e8b68943a1085584d4ef7750574"}
,"C:\\Users\\Brian\\Documents\\Undecided\\StackNavigator.js": {"path":"C:\\Users\\Brian\\Documents\\Undecided\\StackNavigator.js","statementMap":{"0":{"start":{"line":19,"column":14},"end":{"line":19,"column":42}},"1":{"start":{"line":20,"column":16},"end":{"line":20,"column":38}},"2":{"start":{"line":21,"column":23},"end":{"line":41,"column":1}},"3":{"start":{"line":22,"column":4},"end":{"line":40,"column":5}}},"fnMap":{"0":{"name":"(anonymous_0)","decl":{"start":{"line":21,"column":23},"end":{"line":21,"column":24}},"loc":{"start":{"line":21,"column":29},"end":{"line":41,"column":1}},"line":21}},"branchMap":{},"s":{"0":0,"1":0,"2":0,"3":0},"f":{"0":0},"b":{}}
,"C:\\Users\\Brian\\Documents\\Undecided\\firebase.js": {"path":"C:\\Users\\Brian\\Documents\\Undecided\\firebase.js","statementMap":{"0":{"start":{"line":11,"column":23},"end":{"line":19,"column":1}},"1":{"start":{"line":23,"column":12},"end":{"line":23,"column":41}},"2":{"start":{"line":24,"column":20},"end":{"line":24,"column":32}},"3":{"start":{"line":25,"column":18},"end":{"line":27,"column":2}}},"fnMap":{},"branchMap":{},"s":{"0":2,"1":2,"2":2,"3":2},"f":{},"b":{},"_coverageSchema":"1a1c01bbd47fc00a2c39e90264f33305004495a9","hash":"87e0c3cafac0df7f54fada44760fe18cbfde95c6"}
,"C:\\Users\\Brian\\Documents\\Undecided\\metro.config.js": {"path":"C:\\Users\\Brian\\Documents\\Undecided\\metro.config.js","statementMap":{"0":{"start":{"line":1,"column":29},"end":{"line":1,"column":52}},"1":{"start":{"line":2,"column":38},"end":{"line":2,"column":73}},"2":{"start":{"line":3,"column":0},"end":{"line":9,"column":2}}},"fnMap":{},"branchMap":{},"s":{"0":0,"1":0,"2":0},"f":{},"b":{}}
,"C:\\Users\\Brian\\Documents\\Undecided\\util.js": {"path":"C:\\Users\\Brian\\Documents\\Undecided\\util.js","statementMap":{"0":{"start":{"line":7,"column":24},"end":{"line":7,"column":25}},"1":{"start":{"line":8,"column":19},"end":{"line":8,"column":86}},"2":{"start":{"line":8,"column":52},"end":{"line":8,"column":85}},"3":{"start":{"line":9,"column":4},"end":{"line":11,"column":5}},"4":{"start":{"line":10,"column":8},"end":{"line":10,"column":38}},"5":{"start":{"line":12,"column":4},"end":{"line":12,"column":24}},"6":{"start":{"line":16,"column":23},"end":{"line":16,"column":26}},"7":{"start":{"line":17,"column":19},"end":{"line":17,"column":86}},"8":{"start":{"line":17,"column":52},"end":{"line":17,"column":85}},"9":{"start":{"line":18,"column":4},"end":{"line":21,"column":5}},"10":{"start":{"line":20,"column":8},"end":{"line":20,"column":40}},"11":{"start":{"line":22,"column":4},"end":{"line":22,"column":23}},"12":{"start":{"line":27,"column":16},"end":{"line":27,"column":49}},"13":{"start":{"line":28,"column":18},"end":{"line":28,"column":72}},"14":{"start":{"line":29,"column":20},"end":{"line":29,"column":54}},"15":{"start":{"line":30,"column":16},"end":{"line":30,"column":60}},"16":{"start":{"line":31,"column":18},"end":{"line":31,"column":73}},"17":{"start":{"line":32,"column":19},"end":{"line":32,"column":56}},"18":{"start":{"line":33,"column":18},"end":{"line":33,"column":65}},"19":{"start":{"line":34,"column":17},"end":{"line":34,"column":161}},"20":{"start":{"line":36,"column":4},"end":{"line":36,"column":16}},"21":{"start":{"line":41,"column":4},"end":{"line":52,"column":5}},"22":{"start":{"line":42,"column":19},"end":{"line":42,"column":34}},"23":{"start":{"line":43,"column":20},"end":{"line":43,"column":62}},"24":{"start":{"line":44,"column":6},"end":{"line":47,"column":7}},"25":{"start":{"line":45,"column":8},"end":{"line":45,"column":48}},"26":{"start":{"line":46,"column":8},"end":{"line":46,"column":46}},"27":{"start":{"line":48,"column":6},"end":{"line":48,"column":35}},"28":{"start":{"line":49,"column":6},"end":{"line":49,"column":43}},"29":{"start":{"line":57,"column":15},"end":{"line":57,"column":29}},"30":{"start":{"line":58,"column":19},"end":{"line":58,"column":34}},"31":{"start":{"line":59,"column":4},"end":{"line":61,"column":5}},"32":{"start":{"line":59,"column":15},"end":{"line":59,"column":16}},"33":{"start":{"line":60,"column":6},"end":{"line":60,"column":57}},"34":{"start":{"line":62,"column":4},"end":{"line":62,"column":19}},"35":{"start":{"line":66,"column":4},"end":{"line":74,"column":5}},"36":{"start":{"line":67,"column":18},"end":{"line":67,"column":51}},"37":{"start":{"line":68,"column":6},"end":{"line":71,"column":7}},"38":{"start":{"line":69,"column":8},"end":{"line":69,"column":36}},"39":{"start":{"line":70,"column":8},"end":{"line":70,"column":19}},"40":{"start":{"line":73,"column":6},"end":{"line":73,"column":20}},"41":{"start":{"line":79,"column":15},"end":{"line":79,"column":25}},"42":{"start":{"line":80,"column":20},"end":{"line":80,"column":22}},"43":{"start":{"line":81,"column":16},"end":{"line":81,"column":18}},"44":{"start":{"line":82,"column":17},"end":{"line":82,"column":19}},"45":{"start":{"line":83,"column":17},"end":{"line":83,"column":19}},"46":{"start":{"line":84,"column":21},"end":{"line":84,"column":41}},"47":{"start":{"line":85,"column":4},"end":{"line":87,"column":5}},"48":{"start":{"line":85,"column":16},"end":{"line":85,"column":17}},"49":{"start":{"line":86,"column":6},"end":{"line":86,"column":66}},"50":{"start":{"line":89,"column":4},"end":{"line":91,"column":5}},"51":{"start":{"line":89,"column":16},"end":{"line":89,"column":17}},"52":{"start":{"line":90,"column":6},"end":{"line":90,"column":58}},"53":{"start":{"line":93,"column":4},"end":{"line":95,"column":5}},"54":{"start":{"line":93,"column":16},"end":{"line":93,"column":17}},"55":{"start":{"line":94,"column":6},"end":{"line":94,"column":60}},"56":{"start":{"line":97,"column":4},"end":{"line":99,"column":5}},"57":{"start":{"line":97,"column":16},"end":{"line":97,"column":17}},"58":{"start":{"line":98,"column":6},"end":{"line":98,"column":60}},"59":{"start":{"line":101,"column":4},"end":{"line":101,"column":34}},"60":{"start":{"line":102,"column":4},"end":{"line":102,"column":26}},"61":{"start":{"line":103,"column":4},"end":{"line":103,"column":28}},"62":{"start":{"line":104,"column":4},"end":{"line":104,"column":28}},"63":{"start":{"line":105,"column":4},"end":{"line":105,"column":19}},"64":{"start":{"line":109,"column":4},"end":{"line":115,"column":5}},"65":{"start":{"line":110,"column":19},"end":{"line":110,"column":34}},"66":{"start":{"line":111,"column":24},"end":{"line":111,"column":45}},"67":{"start":{"line":112,"column":6},"end":{"line":112,"column":59}}},"fnMap":{"0":{"name":"getNutrientValue","decl":{"start":{"line":6,"column":16},"end":{"line":6,"column":32}},"loc":{"start":{"line":6,"column":55},"end":{"line":13,"column":3}},"line":6},"1":{"name":"(anonymous_1)","decl":{"start":{"line":8,"column":44},"end":{"line":8,"column":45}},"loc":{"start":{"line":8,"column":52},"end":{"line":8,"column":85}},"line":8},"2":{"name":"getNutrientUnit","decl":{"start":{"line":15,"column":18},"end":{"line":15,"column":33}},"loc":{"start":{"line":15,"column":56},"end":{"line":23,"column":3}},"line":15},"3":{"name":"(anonymous_3)","decl":{"start":{"line":17,"column":44},"end":{"line":17,"column":45}},"loc":{"start":{"line":17,"column":52},"end":{"line":17,"column":85}},"line":17},"4":{"name":"jsonToFoodObject","decl":{"start":{"line":25,"column":18},"end":{"line":25,"column":34}},"loc":{"start":{"line":25,"column":50},"end":{"line":38,"column":3}},"line":25},"5":{"name":"getDiary","decl":{"start":{"line":40,"column":24},"end":{"line":40,"column":32}},"loc":{"start":{"line":40,"column":36},"end":{"line":54,"column":3}},"line":40},"6":{"name":"buildDiary","decl":{"start":{"line":56,"column":18},"end":{"line":56,"column":28}},"loc":{"start":{"line":56,"column":39},"end":{"line":63,"column":3}},"line":56},"7":{"name":"getUUID","decl":{"start":{"line":65,"column":24},"end":{"line":65,"column":31}},"loc":{"start":{"line":65,"column":35},"end":{"line":76,"column":3}},"line":65},"8":{"name":"buildEntry","decl":{"start":{"line":78,"column":11},"end":{"line":78,"column":21}},"loc":{"start":{"line":78,"column":28},"end":{"line":106,"column":3}},"line":78},"9":{"name":"saveDiary","decl":{"start":{"line":108,"column":24},"end":{"line":108,"column":33}},"loc":{"start":{"line":108,"column":41},"end":{"line":116,"column":3}},"line":108}},"branchMap":{"0":{"loc":{"start":{"line":9,"column":4},"end":{"line":11,"column":5}},"type":"if","locations":[{"start":{"line":9,"column":4},"end":{"line":11,"column":5}},{"start":{},"end":{}}],"line":9},"1":{"loc":{"start":{"line":18,"column":4},"end":{"line":21,"column":5}},"type":"if","locations":[{"start":{"line":18,"column":4},"end":{"line":21,"column":5}},{"start":{},"end":{}}],"line":18},"2":{"loc":{"start":{"line":44,"column":6},"end":{"line":47,"column":7}},"type":"if","locations":[{"start":{"line":44,"column":6},"end":{"line":47,"column":7}},{"start":{},"end":{}}],"line":44},"3":{"loc":{"start":{"line":68,"column":6},"end":{"line":71,"column":7}},"type":"if","locations":[{"start":{"line":68,"column":6},"end":{"line":71,"column":7}},{"start":{},"end":{}}],"line":68}},"s":{"0":1,"1":1,"2":3,"3":1,"4":1,"5":1,"6":0,"7":0,"8":0,"9":0,"10":0,"11":0,"12":0,"13":0,"14":0,"15":0,"16":0,"17":0,"18":0,"19":0,"20":0,"21":0,"22":0,"23":0,"24":0,"25":0,"26":0,"27":0,"28":0,"29":0,"30":0,"31":0,"32":0,"33":0,"34":0,"35":0,"36":0,"37":0,"38":0,"39":0,"40":0,"41":0,"42":0,"43":0,"44":0,"45":0,"46":0,"47":0,"48":0,"49":0,"50":0,"51":0,"52":0,"53":0,"54":0,"55":0,"56":0,"57":0,"58":0,"59":0,"60":0,"61":0,"62":0,"63":0,"64":0,"65":0,"66":0,"67":0},"f":{"0":1,"1":3,"2":0,"3":0,"4":0,"5":0,"6":0,"7":0,"8":0,"9":0},"b":{"0":[1,0],"1":[0,0],"2":[0,0],"3":[0,0]},"_coverageSchema":"1a1c01bbd47fc00a2c39e90264f33305004495a9","hash":"2e9828a049b5a471867a604bc4d2c32e0ac311ef"}
,"C:\\Users\\Brian\\Documents\\Undecided\\Classes\\Diary.js": {"path":"C:\\Users\\Brian\\Documents\\Undecided\\Classes\\Diary.js","statementMap":{"0":{"start":{"line":9,"column":8},"end":{"line":9,"column":38}},"1":{"start":{"line":10,"column":8},"end":{"line":10,"column":24}},"2":{"start":{"line":11,"column":8},"end":{"line":11,"column":25}},"3":{"start":{"line":15,"column":20},"end":{"line":15,"column":29}},"4":{"start":{"line":16,"column":8},"end":{"line":21,"column":9}},"5":{"start":{"line":17,"column":12},"end":{"line":19,"column":13}},"6":{"start":{"line":18,"column":16},"end":{"line":18,"column":26}},"7":{"start":{"line":23,"column":8},"end":{"line":25,"column":9}},"8":{"start":{"line":24,"column":12},"end":{"line":24,"column":62}},"9":{"start":{"line":27,"column":8},"end":{"line":27,"column":33}},"10":{"start":{"line":32,"column":8},"end":{"line":32,"column":30}}},"fnMap":{"0":{"name":"(anonymous_0)","decl":{"start":{"line":8,"column":4},"end":{"line":8,"column":5}},"loc":{"start":{"line":8,"column":21},"end":{"line":12,"column":5}},"line":8},"1":{"name":"(anonymous_1)","decl":{"start":{"line":14,"column":4},"end":{"line":14,"column":5}},"loc":{"start":{"line":14,"column":18},"end":{"line":29,"column":5}},"line":14},"2":{"name":"(anonymous_2)","decl":{"start":{"line":31,"column":4},"end":{"line":31,"column":5}},"loc":{"start":{"line":31,"column":22},"end":{"line":33,"column":5}},"line":31}},"branchMap":{"0":{"loc":{"start":{"line":17,"column":12},"end":{"line":19,"column":13}},"type":"if","locations":[{"start":{"line":17,"column":12},"end":{"line":19,"column":13}},{"start":{},"end":{}}],"line":17},"1":{"loc":{"start":{"line":23,"column":8},"end":{"line":25,"column":9}},"type":"if","locations":[{"start":{"line":23,"column":8},"end":{"line":25,"column":9}},{"start":{},"end":{}}],"line":23}},"s":{"0":0,"1":0,"2":0,"3":0,"4":0,"5":0,"6":0,"7":0,"8":0,"9":0,"10":0},"f":{"0":0,"1":0,"2":0},"b":{"0":[0,0],"1":[0,0]},"_coverageSchema":"1a1c01bbd47fc00a2c39e90264f33305004495a9","hash":"7101bfb026fffd18155582d5ddf360385ebbdd35"}
,"C:\\Users\\Brian\\Documents\\Undecided\\Classes\\DiaryEntry.js": {"path":"C:\\Users\\Brian\\Documents\\Undecided\\Classes\\DiaryEntry.js","statementMap":{"0":{"start":{"line":10,"column":8},"end":{"line":10,"column":25}},"1":{"start":{"line":11,"column":8},"end":{"line":11,"column":28}},"2":{"start":{"line":12,"column":8},"end":{"line":12,"column":24}},"3":{"start":{"line":13,"column":8},"end":{"line":13,"column":25}},"4":{"start":{"line":14,"column":8},"end":{"line":14,"column":25}},"5":{"start":{"line":18,"column":8},"end":{"line":18,"column":30}},"6":{"start":{"line":22,"column":8},"end":{"line":22,"column":26}},"7":{"start":{"line":26,"column":8},"end":{"line":26,"column":27}},"8":{"start":{"line":29,"column":8},"end":{"line":29,"column":27}},"9":{"start":{"line":32,"column":8},"end":{"line":32,"column":34}},"10":{"start":{"line":37,"column":8},"end":{"line":37,"column":30}},"11":{"start":{"line":43,"column":8},"end":{"line":43,"column":31}},"12":{"start":{"line":47,"column":8},"end":{"line":47,"column":31}},"13":{"start":{"line":51,"column":8},"end":{"line":51,"column":25}},"14":{"start":{"line":55,"column":20},"end":{"line":55,"column":21}},"15":{"start":{"line":56,"column":8},"end":{"line":58,"column":9}},"16":{"start":{"line":57,"column":12},"end":{"line":57,"column":43}},"17":{"start":{"line":60,"column":8},"end":{"line":62,"column":9}},"18":{"start":{"line":61,"column":12},"end":{"line":61,"column":43}},"19":{"start":{"line":64,"column":8},"end":{"line":66,"column":9}},"20":{"start":{"line":65,"column":12},"end":{"line":65,"column":43}},"21":{"start":{"line":68,"column":8},"end":{"line":70,"column":9}},"22":{"start":{"line":69,"column":12},"end":{"line":69,"column":43}},"23":{"start":{"line":71,"column":8},"end":{"line":71,"column":21}},"24":{"start":{"line":75,"column":24},"end":{"line":75,"column":25}},"25":{"start":{"line":76,"column":27},"end":{"line":76,"column":28}},"26":{"start":{"line":77,"column":23},"end":{"line":77,"column":24}},"27":{"start":{"line":78,"column":25},"end":{"line":78,"column":26}},"28":{"start":{"line":79,"column":26},"end":{"line":79,"column":27}},"29":{"start":{"line":80,"column":25},"end":{"line":80,"column":26}},"30":{"start":{"line":82,"column":8},"end":{"line":89,"column":9}},"31":{"start":{"line":83,"column":12},"end":{"line":83,"column":44}},"32":{"start":{"line":84,"column":12},"end":{"line":84,"column":49}},"33":{"start":{"line":85,"column":12},"end":{"line":85,"column":41}},"34":{"start":{"line":86,"column":12},"end":{"line":86,"column":45}},"35":{"start":{"line":87,"column":12},"end":{"line":87,"column":47}},"36":{"start":{"line":88,"column":12},"end":{"line":88,"column":45}},"37":{"start":{"line":90,"column":8},"end":{"line":97,"column":9}},"38":{"start":{"line":91,"column":12},"end":{"line":91,"column":44}},"39":{"start":{"line":92,"column":12},"end":{"line":92,"column":49}},"40":{"start":{"line":93,"column":12},"end":{"line":93,"column":41}},"41":{"start":{"line":94,"column":12},"end":{"line":94,"column":45}},"42":{"start":{"line":95,"column":12},"end":{"line":95,"column":47}},"43":{"start":{"line":96,"column":12},"end":{"line":96,"column":45}},"44":{"start":{"line":98,"column":8},"end":{"line":105,"column":9}},"45":{"start":{"line":99,"column":12},"end":{"line":99,"column":44}},"46":{"start":{"line":100,"column":12},"end":{"line":100,"column":49}},"47":{"start":{"line":101,"column":12},"end":{"line":101,"column":41}},"48":{"start":{"line":102,"column":12},"end":{"line":102,"column":45}},"49":{"start":{"line":103,"column":12},"end":{"line":103,"column":47}},"50":{"start":{"line":104,"column":12},"end":{"line":104,"column":45}},"51":{"start":{"line":106,"column":8},"end":{"line":113,"column":9}},"52":{"start":{"line":107,"column":12},"end":{"line":107,"column":44}},"53":{"start":{"line":108,"column":12},"end":{"line":108,"column":49}},"54":{"start":{"line":109,"column":12},"end":{"line":109,"column":41}},"55":{"start":{"line":110,"column":12},"end":{"line":110,"column":45}},"56":{"start":{"line":111,"column":12},"end":{"line":111,"column":47}},"57":{"start":{"line":112,"column":12},"end":{"line":112,"column":45}},"58":{"start":{"line":115,"column":8},"end":{"line":115,"column":125}}},"fnMap":{"0":{"name":"(anonymous_0)","decl":{"start":{"line":9,"column":4},"end":{"line":9,"column":5}},"loc":{"start":{"line":9,"column":26},"end":{"line":15,"column":5}},"line":9},"1":{"name":"(anonymous_1)","decl":{"start":{"line":17,"column":4},"end":{"line":17,"column":5}},"loc":{"start":{"line":17,"column":18},"end":{"line":19,"column":5}},"line":17},"2":{"name":"(anonymous_2)","decl":{"start":{"line":21,"column":4},"end":{"line":21,"column":5}},"loc":{"start":{"line":21,"column":14},"end":{"line":23,"column":5}},"line":21},"3":{"name":"(anonymous_3)","decl":{"start":{"line":25,"column":4},"end":{"line":25,"column":5}},"loc":{"start":{"line":25,"column":15},"end":{"line":27,"column":5}},"line":25},"4":{"name":"(anonymous_4)","decl":{"start":{"line":28,"column":4},"end":{"line":28,"column":5}},"loc":{"start":{"line":28,"column":15},"end":{"line":30,"column":5}},"line":28},"5":{"name":"(anonymous_5)","decl":{"start":{"line":31,"column":4},"end":{"line":31,"column":5}},"loc":{"start":{"line":31,"column":22},"end":{"line":33,"column":5}},"line":31},"6":{"name":"(anonymous_6)","decl":{"start":{"line":36,"column":4},"end":{"line":36,"column":5}},"loc":{"start":{"line":36,"column":18},"end":{"line":38,"column":5}},"line":36},"7":{"name":"(anonymous_7)","decl":{"start":{"line":42,"column":4},"end":{"line":42,"column":5}},"loc":{"start":{"line":42,"column":19},"end":{"line":44,"column":5}},"line":42},"8":{"name":"(anonymous_8)","decl":{"start":{"line":46,"column":4},"end":{"line":46,"column":5}},"loc":{"start":{"line":46,"column":18},"end":{"line":48,"column":5}},"line":46},"9":{"name":"(anonymous_9)","decl":{"start":{"line":50,"column":4},"end":{"line":50,"column":5}},"loc":{"start":{"line":50,"column":13},"end":{"line":52,"column":5}},"line":50},"10":{"name":"(anonymous_10)","decl":{"start":{"line":54,"column":4},"end":{"line":54,"column":5}},"loc":{"start":{"line":54,"column":21},"end":{"line":72,"column":5}},"line":54},"11":{"name":"(anonymous_11)","decl":{"start":{"line":74,"column":4},"end":{"line":74,"column":5}},"loc":{"start":{"line":74,"column":22},"end":{"line":116,"column":5}},"line":74}},"branchMap":{"0":{"loc":{"start":{"line":9,"column":16},"end":{"line":9,"column":25}},"type":"default-arg","locations":[{"start":{"line":9,"column":23},"end":{"line":9,"column":25}}],"line":9}},"s":{"0":0,"1":0,"2":0,"3":0,"4":0,"5":0,"6":0,"7":0,"8":0,"9":0,"10":0,"11":0,"12":0,"13":0,"14":0,"15":0,"16":0,"17":0,"18":0,"19":0,"20":0,"21":0,"22":0,"23":0,"24":0,"25":0,"26":0,"27":0,"28":0,"29":0,"30":0,"31":0,"32":0,"33":0,"34":0,"35":0,"36":0,"37":0,"38":0,"39":0,"40":0,"41":0,"42":0,"43":0,"44":0,"45":0,"46":0,"47":0,"48":0,"49":0,"50":0,"51":0,"52":0,"53":0,"54":0,"55":0,"56":0,"57":0,"58":0},"f":{"0":0,"1":0,"2":0,"3":0,"4":0,"5":0,"6":0,"7":0,"8":0,"9":0,"10":0,"11":0},"b":{"0":[0]},"_coverageSchema":"1a1c01bbd47fc00a2c39e90264f33305004495a9","hash":"a74bda71232dda9815303973afee2797a9e4f682"}
,"C:\\Users\\Brian\\Documents\\Undecided\\Classes\\Food.js": {"path":"C:\\Users\\Brian\\Documents\\Undecided\\Classes\\Food.js","statementMap":{"0":{"start":{"line":19,"column":8},"end":{"line":19,"column":25}},"1":{"start":{"line":20,"column":8},"end":{"line":20,"column":35}},"2":{"start":{"line":21,"column":8},"end":{"line":21,"column":64}},"3":{"start":{"line":22,"column":8},"end":{"line":22,"column":58}},"4":{"start":{"line":23,"column":8},"end":{"line":23,"column":61}},"5":{"start":{"line":24,"column":8},"end":{"line":24,"column":54}},"6":{"start":{"line":25,"column":8},"end":{"line":25,"column":58}},"7":{"start":{"line":26,"column":8},"end":{"line":26,"column":59}},"8":{"start":{"line":27,"column":8},"end":{"line":27,"column":57}},"9":{"start":{"line":28,"column":8},"end":{"line":28,"column":33}},"10":{"start":{"line":29,"column":8},"end":{"line":29,"column":39}},"11":{"start":{"line":30,"column":8},"end":{"line":30,"column":47}},"12":{"start":{"line":34,"column":8},"end":{"line":34,"column":25}},"13":{"start":{"line":38,"column":8},"end":{"line":38,"column":30}},"14":{"start":{"line":42,"column":8},"end":{"line":42,"column":43}},"15":{"start":{"line":46,"column":8},"end":{"line":46,"column":40}},"16":{"start":{"line":50,"column":8},"end":{"line":50,"column":40}},"17":{"start":{"line":54,"column":8},"end":{"line":54,"column":42}},"18":{"start":{"line":58,"column":8},"end":{"line":58,"column":40}},"19":{"start":{"line":62,"column":8},"end":{"line":62,"column":41}},"20":{"start":{"line":66,"column":8},"end":{"line":66,"column":40}},"21":{"start":{"line":70,"column":8},"end":{"line":70,"column":29}},"22":{"start":{"line":74,"column":8},"end":{"line":74,"column":32}},"23":{"start":{"line":78,"column":8},"end":{"line":78,"column":36}},"24":{"start":{"line":82,"column":8},"end":{"line":82,"column":33}}},"fnMap":{"0":{"name":"(anonymous_0)","decl":{"start":{"line":18,"column":4},"end":{"line":18,"column":5}},"loc":{"start":{"line":18,"column":167},"end":{"line":31,"column":5}},"line":18},"1":{"name":"(anonymous_1)","decl":{"start":{"line":33,"column":4},"end":{"line":33,"column":5}},"loc":{"start":{"line":33,"column":13},"end":{"line":35,"column":5}},"line":33},"2":{"name":"(anonymous_2)","decl":{"start":{"line":37,"column":4},"end":{"line":37,"column":5}},"loc":{"start":{"line":37,"column":18},"end":{"line":39,"column":5}},"line":37},"3":{"name":"(anonymous_3)","decl":{"start":{"line":41,"column":4},"end":{"line":41,"column":5}},"loc":{"start":{"line":41,"column":17},"end":{"line":43,"column":5}},"line":41},"4":{"name":"(anonymous_4)","decl":{"start":{"line":45,"column":4},"end":{"line":45,"column":5}},"loc":{"start":{"line":45,"column":12},"end":{"line":47,"column":5}},"line":45},"5":{"name":"(anonymous_5)","decl":{"start":{"line":49,"column":4},"end":{"line":49,"column":5}},"loc":{"start":{"line":49,"column":14},"end":{"line":51,"column":5}},"line":49},"6":{"name":"(anonymous_6)","decl":{"start":{"line":53,"column":4},"end":{"line":53,"column":5}},"loc":{"start":{"line":53,"column":16},"end":{"line":55,"column":5}},"line":53},"7":{"name":"(anonymous_7)","decl":{"start":{"line":57,"column":4},"end":{"line":57,"column":5}},"loc":{"start":{"line":57,"column":14},"end":{"line":59,"column":5}},"line":57},"8":{"name":"(anonymous_8)","decl":{"start":{"line":61,"column":4},"end":{"line":61,"column":5}},"loc":{"start":{"line":61,"column":15},"end":{"line":63,"column":5}},"line":61},"9":{"name":"(anonymous_9)","decl":{"start":{"line":65,"column":4},"end":{"line":65,"column":5}},"loc":{"start":{"line":65,"column":14},"end":{"line":67,"column":5}},"line":65},"10":{"name":"(anonymous_10)","decl":{"start":{"line":69,"column":4},"end":{"line":69,"column":5}},"loc":{"start":{"line":69,"column":17},"end":{"line":71,"column":5}},"line":69},"11":{"name":"(anonymous_11)","decl":{"start":{"line":73,"column":4},"end":{"line":73,"column":5}},"loc":{"start":{"line":73,"column":20},"end":{"line":75,"column":5}},"line":73},"12":{"name":"(anonymous_12)","decl":{"start":{"line":77,"column":4},"end":{"line":77,"column":5}},"loc":{"start":{"line":77,"column":24},"end":{"line":79,"column":5}},"line":77},"13":{"name":"(anonymous_13)","decl":{"start":{"line":81,"column":4},"end":{"line":81,"column":5}},"loc":{"start":{"line":81,"column":25},"end":{"line":83,"column":5}},"line":81}},"branchMap":{"0":{"loc":{"start":{"line":18,"column":16},"end":{"line":18,"column":23}},"type":"default-arg","locations":[{"start":{"line":18,"column":21},"end":{"line":18,"column":23}}],"line":18},"1":{"loc":{"start":{"line":18,"column":25},"end":{"line":18,"column":46}},"type":"default-arg","locations":[{"start":{"line":18,"column":35},"end":{"line":18,"column":46}}],"line":18},"2":{"loc":{"start":{"line":18,"column":48},"end":{"line":18,"column":59}},"type":"default-arg","locations":[{"start":{"line":18,"column":57},"end":{"line":18,"column":59}}],"line":18},"3":{"loc":{"start":{"line":18,"column":61},"end":{"line":18,"column":69}},"type":"default-arg","locations":[{"start":{"line":18,"column":67},"end":{"line":18,"column":69}}],"line":18},"4":{"loc":{"start":{"line":18,"column":71},"end":{"line":18,"column":81}},"type":"default-arg","locations":[{"start":{"line":18,"column":79},"end":{"line":18,"column":81}}],"line":18},"5":{"loc":{"start":{"line":18,"column":83},"end":{"line":18,"column":89}},"type":"default-arg","locations":[{"start":{"line":18,"column":87},"end":{"line":18,"column":89}}],"line":18},"6":{"loc":{"start":{"line":18,"column":91},"end":{"line":18,"column":99}},"type":"default-arg","locations":[{"start":{"line":18,"column":97},"end":{"line":18,"column":99}}],"line":18},"7":{"loc":{"start":{"line":18,"column":101},"end":{"line":18,"column":110}},"type":"default-arg","locations":[{"start":{"line":18,"column":108},"end":{"line":18,"column":110}}],"line":18},"8":{"loc":{"start":{"line":18,"column":118},"end":{"line":18,"column":129}},"type":"default-arg","locations":[{"start":{"line":18,"column":127},"end":{"line":18,"column":129}}],"line":18},"9":{"loc":{"start":{"line":18,"column":131},"end":{"line":18,"column":145}},"type":"default-arg","locations":[{"start":{"line":18,"column":143},"end":{"line":18,"column":145}}],"line":18},"10":{"loc":{"start":{"line":18,"column":147},"end":{"line":18,"column":165}},"type":"default-arg","locations":[{"start":{"line":18,"column":163},"end":{"line":18,"column":165}}],"line":18}},"s":{"0":0,"1":0,"2":0,"3":0,"4":0,"5":0,"6":0,"7":0,"8":0,"9":0,"10":0,"11":0,"12":0,"13":0,"14":0,"15":0,"16":0,"17":0,"18":0,"19":0,"20":0,"21":0,"22":0,"23":0,"24":0},"f":{"0":0,"1":0,"2":0,"3":0,"4":0,"5":0,"6":0,"7":0,"8":0,"9":0,"10":0,"11":0,"12":0,"13":0},"b":{"0":[0],"1":[0],"2":[0],"3":[0],"4":[0],"5":[0],"6":[0],"7":[0],"8":[0],"9":[0],"10":[0]},"_coverageSchema":"1a1c01bbd47fc00a2c39e90264f33305004495a9","hash":"043e4829fd9f5848391a11aa5d8a54a591b903cd"}
,"C:\\Users\\Brian\\Documents\\Undecided\\Contexts\\DiaryContext.js": {"path":"C:\\Users\\Brian\\Documents\\Undecided\\Contexts\\DiaryContext.js","statementMap":{"0":{"start":{"line":4,"column":28},"end":{"line":4,"column":43}}},"fnMap":{},"branchMap":{},"s":{"0":0},"f":{},"b":{}}
,"C:\\Users\\Brian\\Documents\\Undecided\\Screens\\Auth.js": {"path":"C:\\Users\\Brian\\Documents\\Undecided\\Screens\\Auth.js","statementMap":{"0":{"start":{"line":8,"column":30},"end":{"line":8,"column":54}},"1":{"start":{"line":10,"column":2},"end":{"line":30,"column":4}},"2":{"start":{"line":16,"column":25},"end":{"line":16,"column":44}},"3":{"start":{"line":23,"column":25},"end":{"line":23,"column":44}},"4":{"start":{"line":32,"column":15},"end":{"line":83,"column":2}}},"fnMap":{"0":{"name":"Auth","decl":{"start":{"line":7,"column":24},"end":{"line":7,"column":28}},"loc":{"start":{"line":7,"column":36},"end":{"line":31,"column":1}},"line":7},"1":{"name":"(anonymous_1)","decl":{"start":{"line":16,"column":19},"end":{"line":16,"column":20}},"loc":{"start":{"line":16,"column":25},"end":{"line":16,"column":44}},"line":16},"2":{"name":"(anonymous_2)","decl":{"start":{"line":23,"column":19},"end":{"line":23,"column":20}},"loc":{"start":{"line":23,"column":25},"end":{"line":23,"column":44}},"line":23}},"branchMap":{"0":{"loc":{"start":{"line":15,"column":17},"end":{"line":15,"column":73}},"type":"cond-expr","locations":[{"start":{"line":15,"column":38},"end":{"line":15,"column":57}},{"start":{"line":15,"column":60},"end":{"line":15,"column":73}}],"line":15},"1":{"loc":{"start":{"line":22,"column":17},"end":{"line":22,"column":73}},"type":"cond-expr","locations":[{"start":{"line":22,"column":38},"end":{"line":22,"column":57}},{"start":{"line":22,"column":60},"end":{"line":22,"column":73}}],"line":22},"2":{"loc":{"start":{"line":28,"column":7},"end":{"line":28,"column":72}},"type":"cond-expr","locations":[{"start":{"line":28,"column":28},"end":{"line":28,"column":48}},{"start":{"line":28,"column":51},"end":{"line":28,"column":72}}],"line":28}},"s":{"0":0,"1":0,"2":0,"3":0,"4":0},"f":{"0":0,"1":0,"2":0},"b":{"0":[0,0],"1":[0,0],"2":[0,0]}}
,"C:\\Users\\Brian\\Documents\\Undecided\\Screens\\AutoAuth.js": {"path":"C:\\Users\\Brian\\Documents\\Undecided\\Screens\\AutoAuth.js","statementMap":{"0":{"start":{"line":13,"column":0},"end":{"line":13,"column":38}},"1":{"start":{"line":16,"column":14},"end":{"line":16,"column":61}},"2":{"start":{"line":17,"column":43},"end":{"line":23,"column":4}},"3":{"start":{"line":25,"column":2},"end":{"line":31,"column":17}},"4":{"start":{"line":26,"column":4},"end":{"line":30,"column":5}},"5":{"start":{"line":27,"column":6},"end":{"line":29,"column":9}},"6":{"start":{"line":33,"column":24},"end":{"line":49,"column":3}},"7":{"start":{"line":34,"column":4},"end":{"line":48,"column":5}},"8":{"start":{"line":35,"column":21},"end":{"line":35,"column":54}},"9":{"start":{"line":36,"column":6},"end":{"line":45,"column":9}},"10":{"start":{"line":42,"column":8},"end":{"line":42,"column":81}},"11":{"start":{"line":43,"column":8},"end":{"line":43,"column":60}},"12":{"start":{"line":44,"column":8},"end":{"line":44,"column":25}},"13":{"start":{"line":47,"column":6},"end":{"line":47,"column":19}},"14":{"start":{"line":51,"column":2},"end":{"line":79,"column":4}},"15":{"start":{"line":56,"column":23},"end":{"line":56,"column":39}},"16":{"start":{"line":68,"column":23},"end":{"line":68,"column":36}},"17":{"start":{"line":75,"column":50},"end":{"line":75,"column":66}},"18":{"start":{"line":82,"column":15},"end":{"line":133,"column":2}}},"fnMap":{"0":{"name":"AutoAuth","decl":{"start":{"line":15,"column":24},"end":{"line":15,"column":32}},"loc":{"start":{"line":15,"column":63},"end":{"line":80,"column":1}},"line":15},"1":{"name":"(anonymous_1)","decl":{"start":{"line":25,"column":18},"end":{"line":25,"column":19}},"loc":{"start":{"line":25,"column":24},"end":{"line":31,"column":3}},"line":25},"2":{"name":"(anonymous_2)","decl":{"start":{"line":33,"column":24},"end":{"line":33,"column":25}},"loc":{"start":{"line":33,"column":43},"end":{"line":49,"column":3}},"line":33},"3":{"name":"(anonymous_3)","decl":{"start":{"line":41,"column":14},"end":{"line":41,"column":15}},"loc":{"start":{"line":41,"column":26},"end":{"line":45,"column":7}},"line":41},"4":{"name":"(anonymous_4)","decl":{"start":{"line":56,"column":17},"end":{"line":56,"column":18}},"loc":{"start":{"line":56,"column":23},"end":{"line":56,"column":39}},"line":56},"5":{"name":"(anonymous_5)","decl":{"start":{"line":68,"column":17},"end":{"line":68,"column":18}},"loc":{"start":{"line":68,"column":23},"end":{"line":68,"column":36}},"line":68},"6":{"name":"(anonymous_6)","decl":{"start":{"line":75,"column":44},"end":{"line":75,"column":45}},"loc":{"start":{"line":75,"column":50},"end":{"line":75,"column":66}},"line":75}},"branchMap":{"0":{"loc":{"start":{"line":26,"column":4},"end":{"line":30,"column":5}},"type":"if","locations":[{"start":{"line":26,"column":4},"end":{"line":30,"column":5}},{"start":{},"end":{}}],"line":26}},"s":{"0":0,"1":0,"2":0,"3":0,"4":0,"5":0,"6":0,"7":0,"8":0,"9":0,"10":0,"11":0,"12":0,"13":0,"14":0,"15":0,"16":0,"17":0,"18":0},"f":{"0":0,"1":0,"2":0,"3":0,"4":0,"5":0,"6":0},"b":{"0":[0,0]}}
,"C:\\Users\\Brian\\Documents\\Undecided\\Screens\\DiaryScreen.js": {"path":"C:\\Users\\Brian\\Documents\\Undecided\\Screens\\DiaryScreen.js","statementMap":{"0":{"start":{"line":12,"column":20},"end":{"line":116,"column":1}},"1":{"start":{"line":13,"column":20},"end":{"line":13,"column":44}},"2":{"start":{"line":14,"column":50},"end":{"line":14,"column":93}},"3":{"start":{"line":15,"column":18},"end":{"line":15,"column":52}},"4":{"start":{"line":16,"column":4},"end":{"line":16,"column":20}},"5":{"start":{"line":19,"column":26},"end":{"line":26,"column":5}},"6":{"start":{"line":20,"column":24},"end":{"line":20,"column":42}},"7":{"start":{"line":21,"column":8},"end":{"line":21,"column":46}},"8":{"start":{"line":22,"column":8},"end":{"line":22,"column":47}},"9":{"start":{"line":23,"column":8},"end":{"line":23,"column":36}},"10":{"start":{"line":24,"column":8},"end":{"line":24,"column":24}},"11":{"start":{"line":28,"column":26},"end":{"line":35,"column":5}},"12":{"start":{"line":29,"column":24},"end":{"line":29,"column":42}},"13":{"start":{"line":30,"column":8},"end":{"line":30,"column":46}},"14":{"start":{"line":31,"column":8},"end":{"line":31,"column":47}},"15":{"start":{"line":32,"column":8},"end":{"line":32,"column":36}},"16":{"start":{"line":33,"column":8},"end":{"line":33,"column":24}},"17":{"start":{"line":38,"column":4},"end":{"line":115,"column":5}},"18":{"start":{"line":41,"column":45},"end":{"line":41,"column":60}},"19":{"start":{"line":45,"column":45},"end":{"line":45,"column":60}},"20":{"start":{"line":51,"column":45},"end":{"line":51,"column":121}},"21":{"start":{"line":58,"column":74},"end":{"line":58,"column":137}},"22":{"start":{"line":63,"column":17},"end":{"line":67,"column":30}},"23":{"start":{"line":72,"column":70},"end":{"line":72,"column":129}},"24":{"start":{"line":77,"column":17},"end":{"line":81,"column":30}},"25":{"start":{"line":86,"column":71},"end":{"line":86,"column":131}},"26":{"start":{"line":91,"column":17},"end":{"line":95,"column":30}},"27":{"start":{"line":101,"column":71},"end":{"line":101,"column":131}},"28":{"start":{"line":106,"column":17},"end":{"line":110,"column":30}},"29":{"start":{"line":118,"column":15},"end":{"line":180,"column":4}}},"fnMap":{"0":{"name":"(anonymous_0)","decl":{"start":{"line":12,"column":20},"end":{"line":12,"column":21}},"loc":{"start":{"line":12,"column":38},"end":{"line":116,"column":1}},"line":12},"1":{"name":"(anonymous_1)","decl":{"start":{"line":19,"column":26},"end":{"line":19,"column":27}},"loc":{"start":{"line":19,"column":31},"end":{"line":26,"column":5}},"line":19},"2":{"name":"(anonymous_2)","decl":{"start":{"line":28,"column":26},"end":{"line":28,"column":27}},"loc":{"start":{"line":28,"column":31},"end":{"line":35,"column":5}},"line":28},"3":{"name":"(anonymous_3)","decl":{"start":{"line":41,"column":39},"end":{"line":41,"column":40}},"loc":{"start":{"line":41,"column":45},"end":{"line":41,"column":60}},"line":41},"4":{"name":"(anonymous_4)","decl":{"start":{"line":45,"column":39},"end":{"line":45,"column":40}},"loc":{"start":{"line":45,"column":45},"end":{"line":45,"column":60}},"line":45},"5":{"name":"(anonymous_5)","decl":{"start":{"line":51,"column":39},"end":{"line":51,"column":40}},"loc":{"start":{"line":51,"column":45},"end":{"line":51,"column":121}},"line":51},"6":{"name":"(anonymous_6)","decl":{"start":{"line":58,"column":68},"end":{"line":58,"column":69}},"loc":{"start":{"line":58,"column":74},"end":{"line":58,"column":137}},"line":58},"7":{"name":"(anonymous_7)","decl":{"start":{"line":62,"column":34},"end":{"line":62,"column":35}},"loc":{"start":{"line":63,"column":17},"end":{"line":67,"column":30}},"line":63},"8":{"name":"(anonymous_8)","decl":{"start":{"line":72,"column":64},"end":{"line":72,"column":65}},"loc":{"start":{"line":72,"column":70},"end":{"line":72,"column":129}},"line":72},"9":{"name":"(anonymous_9)","decl":{"start":{"line":76,"column":30},"end":{"line":76,"column":31}},"loc":{"start":{"line":77,"column":17},"end":{"line":81,"column":30}},"line":77},"10":{"name":"(anonymous_10)","decl":{"start":{"line":86,"column":65},"end":{"line":86,"column":66}},"loc":{"start":{"line":86,"column":71},"end":{"line":86,"column":131}},"line":86},"11":{"name":"(anonymous_11)","decl":{"start":{"line":90,"column":31},"end":{"line":90,"column":32}},"loc":{"start":{"line":91,"column":17},"end":{"line":95,"column":30}},"line":91},"12":{"name":"(anonymous_12)","decl":{"start":{"line":101,"column":65},"end":{"line":101,"column":66}},"loc":{"start":{"line":101,"column":71},"end":{"line":101,"column":131}},"line":101},"13":{"name":"(anonymous_13)","decl":{"start":{"line":105,"column":31},"end":{"line":105,"column":32}},"loc":{"start":{"line":106,"column":17},"end":{"line":110,"column":30}},"line":106}},"branchMap":{},"s":{"0":0,"1":0,"2":0,"3":0,"4":0,"5":0,"6":0,"7":0,"8":0,"9":0,"10":0,"11":0,"12":0,"13":0,"14":0,"15":0,"16":0,"17":0,"18":0,"19":0,"20":0,"21":0,"22":0,"23":0,"24":0,"25":0,"26":0,"27":0,"28":0,"29":0},"f":{"0":0,"1":0,"2":0,"3":0,"4":0,"5":0,"6":0,"7":0,"8":0,"9":0,"10":0,"11":0,"12":0,"13":0},"b":{}}
,"C:\\Users\\Brian\\Documents\\Undecided\\Screens\\EntryDetails.js": {"path":"C:\\Users\\Brian\\Documents\\Undecided\\Screens\\EntryDetails.js","statementMap":{"0":{"start":{"line":10,"column":20},"end":{"line":98,"column":1}},"1":{"start":{"line":11,"column":21},"end":{"line":11,"column":36}},"2":{"start":{"line":12,"column":25},"end":{"line":12,"column":37}},"3":{"start":{"line":13,"column":36},"end":{"line":13,"column":64}},"4":{"start":{"line":15,"column":27},"end":{"line":20,"column":5}},"5":{"start":{"line":16,"column":6},"end":{"line":19,"column":7}},"6":{"start":{"line":17,"column":8},"end":{"line":17,"column":33}},"7":{"start":{"line":18,"column":8},"end":{"line":18,"column":14}},"8":{"start":{"line":22,"column":23},"end":{"line":28,"column":5}},"9":{"start":{"line":23,"column":6},"end":{"line":23,"column":33}},"10":{"start":{"line":24,"column":6},"end":{"line":27,"column":9}},"11":{"start":{"line":29,"column":23},"end":{"line":38,"column":5}},"12":{"start":{"line":31,"column":18},"end":{"line":31,"column":36}},"13":{"start":{"line":32,"column":6},"end":{"line":32,"column":26}},"14":{"start":{"line":33,"column":6},"end":{"line":33,"column":23}},"15":{"start":{"line":34,"column":6},"end":{"line":37,"column":9}},"16":{"start":{"line":40,"column":4},"end":{"line":97,"column":5}},"17":{"start":{"line":47,"column":145},"end":{"line":47,"column":165}},"18":{"start":{"line":83,"column":43},"end":{"line":83,"column":55}},"19":{"start":{"line":88,"column":45},"end":{"line":88,"column":57}},"20":{"start":{"line":100,"column":15},"end":{"line":141,"column":4}}},"fnMap":{"0":{"name":"(anonymous_0)","decl":{"start":{"line":10,"column":20},"end":{"line":10,"column":21}},"loc":{"start":{"line":10,"column":33},"end":{"line":98,"column":1}},"line":10},"1":{"name":"(anonymous_1)","decl":{"start":{"line":15,"column":27},"end":{"line":15,"column":28}},"loc":{"start":{"line":15,"column":43},"end":{"line":20,"column":5}},"line":15},"2":{"name":"(anonymous_2)","decl":{"start":{"line":22,"column":23},"end":{"line":22,"column":24}},"loc":{"start":{"line":22,"column":28},"end":{"line":28,"column":5}},"line":22},"3":{"name":"(anonymous_3)","decl":{"start":{"line":29,"column":23},"end":{"line":29,"column":24}},"loc":{"start":{"line":29,"column":28},"end":{"line":38,"column":5}},"line":29},"4":{"name":"(anonymous_4)","decl":{"start":{"line":47,"column":137},"end":{"line":47,"column":138}},"loc":{"start":{"line":47,"column":145},"end":{"line":47,"column":165}},"line":47},"5":{"name":"(anonymous_5)","decl":{"start":{"line":83,"column":37},"end":{"line":83,"column":38}},"loc":{"start":{"line":83,"column":43},"end":{"line":83,"column":55}},"line":83},"6":{"name":"(anonymous_6)","decl":{"start":{"line":88,"column":39},"end":{"line":88,"column":40}},"loc":{"start":{"line":88,"column":45},"end":{"line":88,"column":57}},"line":88}},"branchMap":{"0":{"loc":{"start":{"line":16,"column":6},"end":{"line":19,"column":7}},"type":"if","locations":[{"start":{"line":16,"column":6},"end":{"line":19,"column":7}},{"start":{},"end":{}}],"line":16}},"s":{"0":0,"1":0,"2":0,"3":0,"4":0,"5":0,"6":0,"7":0,"8":0,"9":0,"10":0,"11":0,"12":0,"13":0,"14":0,"15":0,"16":0,"17":0,"18":0,"19":0,"20":0},"f":{"0":0,"1":0,"2":0,"3":0,"4":0,"5":0,"6":0},"b":{"0":[0,0]}}
,"C:\\Users\\Brian\\Documents\\Undecided\\Screens\\FoodDetails.js": {"path":"C:\\Users\\Brian\\Documents\\Undecided\\Screens\\FoodDetails.js","statementMap":{"0":{"start":{"line":11,"column":20},"end":{"line":81,"column":1}},"1":{"start":{"line":12,"column":25},"end":{"line":12,"column":37}},"2":{"start":{"line":13,"column":36},"end":{"line":13,"column":47}},"3":{"start":{"line":14,"column":30},"end":{"line":14,"column":54}},"4":{"start":{"line":16,"column":27},"end":{"line":22,"column":5}},"5":{"start":{"line":17,"column":6},"end":{"line":20,"column":7}},"6":{"start":{"line":18,"column":8},"end":{"line":18,"column":32}},"7":{"start":{"line":19,"column":8},"end":{"line":19,"column":14}},"8":{"start":{"line":21,"column":6},"end":{"line":21,"column":20}},"9":{"start":{"line":24,"column":24},"end":{"line":31,"column":5}},"10":{"start":{"line":25,"column":6},"end":{"line":25,"column":48}},"11":{"start":{"line":26,"column":6},"end":{"line":29,"column":9}},"12":{"start":{"line":32,"column":4},"end":{"line":80,"column":5}},"13":{"start":{"line":39,"column":145},"end":{"line":39,"column":165}},"14":{"start":{"line":74,"column":45},"end":{"line":74,"column":58}},"15":{"start":{"line":83,"column":15},"end":{"line":124,"column":4}}},"fnMap":{"0":{"name":"(anonymous_0)","decl":{"start":{"line":11,"column":20},"end":{"line":11,"column":21}},"loc":{"start":{"line":11,"column":45},"end":{"line":81,"column":1}},"line":11},"1":{"name":"(anonymous_1)","decl":{"start":{"line":16,"column":27},"end":{"line":16,"column":28}},"loc":{"start":{"line":16,"column":43},"end":{"line":22,"column":5}},"line":16},"2":{"name":"(anonymous_2)","decl":{"start":{"line":24,"column":24},"end":{"line":24,"column":25}},"loc":{"start":{"line":24,"column":29},"end":{"line":31,"column":5}},"line":24},"3":{"name":"(anonymous_3)","decl":{"start":{"line":39,"column":137},"end":{"line":39,"column":138}},"loc":{"start":{"line":39,"column":145},"end":{"line":39,"column":165}},"line":39},"4":{"name":"(anonymous_4)","decl":{"start":{"line":74,"column":39},"end":{"line":74,"column":40}},"loc":{"start":{"line":74,"column":45},"end":{"line":74,"column":58}},"line":74}},"branchMap":{"0":{"loc":{"start":{"line":17,"column":6},"end":{"line":20,"column":7}},"type":"if","locations":[{"start":{"line":17,"column":6},"end":{"line":20,"column":7}},{"start":{},"end":{}}],"line":17}},"s":{"0":0,"1":0,"2":0,"3":0,"4":0,"5":0,"6":0,"7":0,"8":0,"9":0,"10":0,"11":0,"12":0,"13":0,"14":0,"15":0},"f":{"0":0,"1":0,"2":0,"3":0,"4":0},"b":{"0":[0,0]}}
,"C:\\Users\\Brian\\Documents\\Undecided\\Screens\\FoodSearchScreen.js": {"path":"C:\\Users\\Brian\\Documents\\Undecided\\Screens\\FoodSearchScreen.js","statementMap":{"0":{"start":{"line":9,"column":25},"end":{"line":67,"column":1}},"1":{"start":{"line":10,"column":35},"end":{"line":10,"column":47}},"2":{"start":{"line":11,"column":18},"end":{"line":11,"column":28}},"3":{"start":{"line":12,"column":19},"end":{"line":12,"column":31}},"4":{"start":{"line":15,"column":20},"end":{"line":29,"column":5}},"5":{"start":{"line":16,"column":24},"end":{"line":16,"column":54}},"6":{"start":{"line":17,"column":6},"end":{"line":28,"column":7}},"7":{"start":{"line":19,"column":8},"end":{"line":27,"column":9}},"8":{"start":{"line":20,"column":27},"end":{"line":22,"column":11}},"9":{"start":{"line":23,"column":23},"end":{"line":23,"column":44}},"10":{"start":{"line":24,"column":10},"end":{"line":24,"column":32}},"11":{"start":{"line":31,"column":15},"end":{"line":47,"column":1}},"12":{"start":{"line":33,"column":2},"end":{"line":35,"column":3}},"13":{"start":{"line":34,"column":2},"end":{"line":34,"column":74}},"14":{"start":{"line":36,"column":2},"end":{"line":46,"column":15}},"15":{"start":{"line":39,"column":5},"end":{"line":44,"column":21}},"16":{"start":{"line":48,"column":4},"end":{"line":64,"column":5}},"17":{"start":{"line":54,"column":32},"end":{"line":54,"column":52}},"18":{"start":{"line":55,"column":30},"end":{"line":55,"column":52}},"19":{"start":{"line":69,"column":15},"end":{"line":81,"column":2}}},"fnMap":{"0":{"name":"(anonymous_0)","decl":{"start":{"line":9,"column":25},"end":{"line":9,"column":26}},"loc":{"start":{"line":9,"column":38},"end":{"line":67,"column":1}},"line":9},"1":{"name":"(anonymous_1)","decl":{"start":{"line":15,"column":20},"end":{"line":15,"column":21}},"loc":{"start":{"line":15,"column":36},"end":{"line":29,"column":5}},"line":15},"2":{"name":"(anonymous_2)","decl":{"start":{"line":31,"column":15},"end":{"line":31,"column":16}},"loc":{"start":{"line":31,"column":27},"end":{"line":47,"column":1}},"line":31},"3":{"name":"(anonymous_3)","decl":{"start":{"line":38,"column":14},"end":{"line":38,"column":15}},"loc":{"start":{"line":39,"column":5},"end":{"line":44,"column":21}},"line":39},"4":{"name":"(anonymous_4)","decl":{"start":{"line":54,"column":24},"end":{"line":54,"column":25}},"loc":{"start":{"line":54,"column":32},"end":{"line":54,"column":52}},"line":54},"5":{"name":"(anonymous_5)","decl":{"start":{"line":55,"column":24},"end":{"line":55,"column":25}},"loc":{"start":{"line":55,"column":30},"end":{"line":55,"column":52}},"line":55}},"branchMap":{"0":{"loc":{"start":{"line":17,"column":6},"end":{"line":28,"column":7}},"type":"if","locations":[{"start":{"line":17,"column":6},"end":{"line":28,"column":7}},{"start":{},"end":{}}],"line":17},"1":{"loc":{"start":{"line":33,"column":2},"end":{"line":35,"column":3}},"type":"if","locations":[{"start":{"line":33,"column":2},"end":{"line":35,"column":3}},{"start":{},"end":{}}],"line":33}},"s":{"0":2,"1":7,"2":7,"3":7,"4":7,"5":4,"6":4,"7":3,"8":3,"9":0,"10":0,"11":7,"12":7,"13":7,"14":0,"15":0,"16":7,"17":4,"18":4,"19":2},"f":{"0":7,"1":4,"2":7,"3":0,"4":4,"5":4},"b":{"0":[3,1],"1":[7,0]},"_coverageSchema":"1a1c01bbd47fc00a2c39e90264f33305004495a9","hash":"3e79856032313f6334a0c3c43aa0108e85eda26b"}
,"C:\\Users\\Brian\\Documents\\Undecided\\Screens\\Home.js": {"path":"C:\\Users\\Brian\\Documents\\Undecided\\Screens\\Home.js","statementMap":{"0":{"start":{"line":19,"column":26},"end":{"line":19,"column":44}},"1":{"start":{"line":20,"column":26},"end":{"line":20,"column":49}},"2":{"start":{"line":21,"column":40},"end":{"line":21,"column":62}},"3":{"start":{"line":22,"column":50},"end":{"line":22,"column":69}},"4":{"start":{"line":23,"column":26},"end":{"line":23,"column":44}},"5":{"start":{"line":24,"column":28},"end":{"line":24,"column":52}},"6":{"start":{"line":25,"column":2},"end":{"line":27,"column":10}},"7":{"start":{"line":26,"column":4},"end":{"line":26,"column":12}},"8":{"start":{"line":29,"column":16},"end":{"line":52,"column":3}},"9":{"start":{"line":30,"column":14},"end":{"line":30,"column":47}},"10":{"start":{"line":31,"column":4},"end":{"line":31,"column":31}},"11":{"start":{"line":32,"column":15},"end":{"line":32,"column":50}},"12":{"start":{"line":33,"column":4},"end":{"line":33,"column":32}},"13":{"start":{"line":34,"column":19},"end":{"line":34,"column":35}},"14":{"start":{"line":36,"column":4},"end":{"line":36,"column":47}},"15":{"start":{"line":37,"column":4},"end":{"line":48,"column":5}},"16":{"start":{"line":38,"column":6},"end":{"line":38,"column":68}},"17":{"start":{"line":39,"column":6},"end":{"line":39,"column":52}},"18":{"start":{"line":40,"column":6},"end":{"line":40,"column":38}},"19":{"start":{"line":41,"column":6},"end":{"line":41,"column":58}},"20":{"start":{"line":43,"column":6},"end":{"line":43,"column":40}},"21":{"start":{"line":45,"column":6},"end":{"line":45,"column":32}},"22":{"start":{"line":47,"column":6},"end":{"line":47,"column":42}},"23":{"start":{"line":49,"column":4},"end":{"line":49,"column":23}},"24":{"start":{"line":51,"column":4},"end":{"line":51,"column":87}},"25":{"start":{"line":54,"column":14},"end":{"line":69,"column":3}},"26":{"start":{"line":55,"column":4},"end":{"line":68,"column":5}},"27":{"start":{"line":56,"column":6},"end":{"line":56,"column":43}},"28":{"start":{"line":57,"column":6},"end":{"line":57,"column":45}},"29":{"start":{"line":58,"column":6},"end":{"line":58,"column":33}},"30":{"start":{"line":60,"column":6},"end":{"line":60,"column":37}},"31":{"start":{"line":61,"column":18},"end":{"line":61,"column":53}},"32":{"start":{"line":62,"column":6},"end":{"line":65,"column":8}},"33":{"start":{"line":66,"column":6},"end":{"line":66,"column":45}},"34":{"start":{"line":71,"column":2},"end":{"line":81,"column":4}},"35":{"start":{"line":84,"column":15},"end":{"line":125,"column":2}}},"fnMap":{"0":{"name":"Home","decl":{"start":{"line":17,"column":24},"end":{"line":17,"column":28}},"loc":{"start":{"line":17,"column":45},"end":{"line":82,"column":1}},"line":17},"1":{"name":"(anonymous_1)","decl":{"start":{"line":25,"column":35},"end":{"line":25,"column":36}},"loc":{"start":{"line":25,"column":41},"end":{"line":27,"column":3}},"line":25},"2":{"name":"(anonymous_2)","decl":{"start":{"line":29,"column":16},"end":{"line":29,"column":17}},"loc":{"start":{"line":29,"column":28},"end":{"line":52,"column":3}},"line":29},"3":{"name":"(anonymous_3)","decl":{"start":{"line":54,"column":14},"end":{"line":54,"column":15}},"loc":{"start":{"line":54,"column":26},"end":{"line":69,"column":3}},"line":54}},"branchMap":{"0":{"loc":{"start":{"line":36,"column":12},"end":{"line":36,"column":45}},"type":"binary-expr","locations":[{"start":{"line":36,"column":12},"end":{"line":36,"column":34}},{"start":{"line":36,"column":38},"end":{"line":36,"column":45}}],"line":36},"1":{"loc":{"start":{"line":37,"column":4},"end":{"line":48,"column":5}},"type":"if","locations":[{"start":{"line":37,"column":4},"end":{"line":48,"column":5}},{"start":{"line":44,"column":11},"end":{"line":48,"column":5}}],"line":37},"2":{"loc":{"start":{"line":55,"column":4},"end":{"line":68,"column":5}},"type":"if","locations":[{"start":{"line":55,"column":4},"end":{"line":68,"column":5}},{"start":{"line":59,"column":11},"end":{"line":68,"column":5}}],"line":55}},"s":{"0":0,"1":0,"2":0,"3":0,"4":0,"5":0,"6":0,"7":0,"8":0,"9":0,"10":0,"11":0,"12":0,"13":0,"14":0,"15":0,"16":0,"17":0,"18":0,"19":0,"20":0,"21":0,"22":0,"23":0,"24":0,"25":0,"26":0,"27":0,"28":0,"29":0,"30":0,"31":0,"32":0,"33":0,"34":0,"35":0},"f":{"0":0,"1":0,"2":0,"3":0},"b":{"0":[0,0],"1":[0,0],"2":[0,0]}}
,"C:\\Users\\Brian\\Documents\\Undecided\\Screens\\Loading.js": {"path":"C:\\Users\\Brian\\Documents\\Undecided\\Screens\\Loading.js","statementMap":{"0":{"start":{"line":6,"column":16},"end":{"line":25,"column":1}},"1":{"start":{"line":7,"column":2},"end":{"line":9,"column":5}},"2":{"start":{"line":8,"column":4},"end":{"line":8,"column":14}},"3":{"start":{"line":11,"column":18},"end":{"line":16,"column":3}},"4":{"start":{"line":12,"column":14},"end":{"line":12,"column":47}},"5":{"start":{"line":13,"column":4},"end":{"line":13,"column":43}},"6":{"start":{"line":14,"column":4},"end":{"line":15,"column":26}},"7":{"start":{"line":14,"column":22},"end":{"line":14,"column":39}},"8":{"start":{"line":15,"column":9},"end":{"line":15,"column":26}},"9":{"start":{"line":18,"column":2},"end":{"line":24,"column":4}},"10":{"start":{"line":27,"column":15},"end":{"line":45,"column":2}}},"fnMap":{"0":{"name":"(anonymous_0)","decl":{"start":{"line":6,"column":16},"end":{"line":6,"column":17}},"loc":{"start":{"line":6,"column":50},"end":{"line":25,"column":1}},"line":6},"1":{"name":"(anonymous_1)","decl":{"start":{"line":7,"column":12},"end":{"line":7,"column":13}},"loc":{"start":{"line":7,"column":18},"end":{"line":9,"column":3}},"line":7},"2":{"name":"(anonymous_2)","decl":{"start":{"line":11,"column":18},"end":{"line":11,"column":19}},"loc":{"start":{"line":11,"column":30},"end":{"line":16,"column":3}},"line":11}},"branchMap":{"0":{"loc":{"start":{"line":14,"column":4},"end":{"line":15,"column":26}},"type":"if","locations":[{"start":{"line":14,"column":4},"end":{"line":15,"column":26}},{"start":{"line":15,"column":9},"end":{"line":15,"column":26}}],"line":14}},"s":{"0":0,"1":0,"2":0,"3":0,"4":0,"5":0,"6":0,"7":0,"8":0,"9":0,"10":0},"f":{"0":0,"1":0,"2":0},"b":{"0":[0,0]}}
,"C:\\Users\\Brian\\Documents\\Undecided\\Screens\\Login.js": {"path":"C:\\Users\\Brian\\Documents\\Undecided\\Screens\\Login.js","statementMap":{"0":{"start":{"line":11,"column":28},"end":{"line":11,"column":46}},"1":{"start":{"line":12,"column":34},"end":{"line":12,"column":52}},"2":{"start":{"line":13,"column":32},"end":{"line":13,"column":53}},"3":{"start":{"line":15,"column":23},"end":{"line":15,"column":54}},"4":{"start":{"line":16,"column":22},"end":{"line":16,"column":52}},"5":{"start":{"line":18,"column":22},"end":{"line":33,"column":3}},"6":{"start":{"line":19,"column":4},"end":{"line":32,"column":79}},"7":{"start":{"line":21,"column":8},"end":{"line":30,"column":11}},"8":{"start":{"line":25,"column":14},"end":{"line":25,"column":63}},"9":{"start":{"line":26,"column":14},"end":{"line":26,"column":41}},"10":{"start":{"line":27,"column":14},"end":{"line":27,"column":31}},"11":{"start":{"line":32,"column":30},"end":{"line":32,"column":77}},"12":{"start":{"line":36,"column":2},"end":{"line":65,"column":4}},"13":{"start":{"line":52,"column":83},"end":{"line":52,"column":103}},"14":{"start":{"line":68,"column":15},"end":{"line":95,"column":2}}},"fnMap":{"0":{"name":"Login","decl":{"start":{"line":10,"column":24},"end":{"line":10,"column":29}},"loc":{"start":{"line":10,"column":60},"end":{"line":66,"column":1}},"line":10},"1":{"name":"(anonymous_1)","decl":{"start":{"line":18,"column":22},"end":{"line":18,"column":23}},"loc":{"start":{"line":18,"column":28},"end":{"line":33,"column":3}},"line":18},"2":{"name":"(anonymous_2)","decl":{"start":{"line":20,"column":12},"end":{"line":20,"column":13}},"loc":{"start":{"line":20,"column":22},"end":{"line":31,"column":7}},"line":20},"3":{"name":"(anonymous_3)","decl":{"start":{"line":24,"column":21},"end":{"line":24,"column":22}},"loc":{"start":{"line":24,"column":33},"end":{"line":28,"column":13}},"line":24},"4":{"name":"(anonymous_4)","decl":{"start":{"line":32,"column":13},"end":{"line":32,"column":14}},"loc":{"start":{"line":32,"column":30},"end":{"line":32,"column":77}},"line":32},"5":{"name":"(anonymous_5)","decl":{"start":{"line":52,"column":77},"end":{"line":52,"column":78}},"loc":{"start":{"line":52,"column":83},"end":{"line":52,"column":103}},"line":52}},"branchMap":{"0":{"loc":{"start":{"line":52,"column":39},"end":{"line":52,"column":66}},"type":"cond-expr","locations":[{"start":{"line":52,"column":49},"end":{"line":52,"column":58}},{"start":{"line":52,"column":61},"end":{"line":52,"column":66}}],"line":52}},"s":{"0":1,"1":1,"2":1,"3":1,"4":1,"5":1,"6":0,"7":0,"8":0,"9":0,"10":0,"11":0,"12":1,"13":0,"14":1},"f":{"0":1,"1":0,"2":0,"3":0,"4":0,"5":0},"b":{"0":[0,1]},"_coverageSchema":"1a1c01bbd47fc00a2c39e90264f33305004495a9","hash":"4765c97b1494bc7c8ae1ce17f323e1e998667c31"}
,"C:\\Users\\Brian\\Documents\\Undecided\\Screens\\MacroNutrients.js": {"path":"C:\\Users\\Brian\\Documents\\Undecided\\Screens\\MacroNutrients.js","statementMap":{"0":{"start":{"line":7,"column":23},"end":{"line":50,"column":1}},"1":{"start":{"line":8,"column":19},"end":{"line":8,"column":31}},"2":{"start":{"line":14,"column":4},"end":{"line":49,"column":5}},"3":{"start":{"line":52,"column":15},"end":{"line":93,"column":4}}},"fnMap":{"0":{"name":"(anonymous_0)","decl":{"start":{"line":7,"column":23},"end":{"line":7,"column":24}},"loc":{"start":{"line":7,"column":36},"end":{"line":50,"column":1}},"line":7}},"branchMap":{},"s":{"0":0,"1":0,"2":0,"3":0},"f":{"0":0},"b":{}}
,"C:\\Users\\Brian\\Documents\\Undecided\\Screens\\Signup.js": {"path":"C:\\Users\\Brian\\Documents\\Undecided\\Screens\\Signup.js","statementMap":{"0":{"start":{"line":11,"column":17},"end":{"line":11,"column":30}},"1":{"start":{"line":16,"column":36},"end":{"line":16,"column":54}},"2":{"start":{"line":17,"column":34},"end":{"line":17,"column":52}},"3":{"start":{"line":18,"column":34},"end":{"line":18,"column":52}},"4":{"start":{"line":19,"column":30},"end":{"line":19,"column":48}},"5":{"start":{"line":20,"column":30},"end":{"line":20,"column":48}},"6":{"start":{"line":21,"column":40},"end":{"line":21,"column":58}},"7":{"start":{"line":22,"column":28},"end":{"line":22,"column":46}},"8":{"start":{"line":23,"column":24},"end":{"line":23,"column":42}},"9":{"start":{"line":25,"column":34},"end":{"line":28,"column":4}},"10":{"start":{"line":30,"column":26},"end":{"line":33,"column":4}},"11":{"start":{"line":35,"column":32},"end":{"line":38,"column":4}},"12":{"start":{"line":40,"column":21},"end":{"line":45,"column":3}},"13":{"start":{"line":47,"column":16},"end":{"line":52,"column":3}},"14":{"start":{"line":54,"column":29},"end":{"line":62,"column":3}},"15":{"start":{"line":64,"column":23},"end":{"line":106,"column":3}},"16":{"start":{"line":65,"column":4},"end":{"line":79,"column":5}},"17":{"start":{"line":77,"column":6},"end":{"line":77,"column":61}},"18":{"start":{"line":78,"column":6},"end":{"line":78,"column":13}},"19":{"start":{"line":81,"column":4},"end":{"line":105,"column":8}},"20":{"start":{"line":83,"column":8},"end":{"line":83,"column":29}},"21":{"start":{"line":84,"column":8},"end":{"line":97,"column":10}},"22":{"start":{"line":98,"column":8},"end":{"line":98,"column":43}},"23":{"start":{"line":99,"column":8},"end":{"line":99,"column":57}},"24":{"start":{"line":100,"column":8},"end":{"line":100,"column":43}},"25":{"start":{"line":101,"column":8},"end":{"line":101,"column":25}},"26":{"start":{"line":104,"column":8},"end":{"line":104,"column":61}},"27":{"start":{"line":108,"column":32},"end":{"line":108,"column":53}},"28":{"start":{"line":110,"column":22},"end":{"line":112,"column":3}},"29":{"start":{"line":111,"column":4},"end":{"line":111,"column":23}},"30":{"start":{"line":114,"column":2},"end":{"line":211,"column":4}},"31":{"start":{"line":136,"column":16},"end":{"line":136,"column":59}},"32":{"start":{"line":152,"column":16},"end":{"line":152,"column":55}},"33":{"start":{"line":170,"column":16},"end":{"line":174,"column":20}},"34":{"start":{"line":170,"column":38},"end":{"line":174,"column":17}},"35":{"start":{"line":197,"column":79},"end":{"line":197,"column":99}},"36":{"start":{"line":214,"column":14},"end":{"line":224,"column":1}},"37":{"start":{"line":215,"column":2},"end":{"line":223,"column":4}},"38":{"start":{"line":226,"column":15},"end":{"line":262,"column":2}}},"fnMap":{"0":{"name":"Signup","decl":{"start":{"line":15,"column":24},"end":{"line":15,"column":30}},"loc":{"start":{"line":15,"column":61},"end":{"line":212,"column":1}},"line":15},"1":{"name":"(anonymous_1)","decl":{"start":{"line":64,"column":23},"end":{"line":64,"column":24}},"loc":{"start":{"line":64,"column":35},"end":{"line":106,"column":3}},"line":64},"2":{"name":"(anonymous_2)","decl":{"start":{"line":82,"column":12},"end":{"line":82,"column":13}},"loc":{"start":{"line":82,"column":28},"end":{"line":102,"column":7}},"line":82},"3":{"name":"(anonymous_3)","decl":{"start":{"line":103,"column":13},"end":{"line":103,"column":14}},"loc":{"start":{"line":104,"column":8},"end":{"line":104,"column":61}},"line":104},"4":{"name":"(anonymous_4)","decl":{"start":{"line":110,"column":22},"end":{"line":110,"column":23}},"loc":{"start":{"line":110,"column":28},"end":{"line":112,"column":3}},"line":110},"5":{"name":"(anonymous_5)","decl":{"start":{"line":135,"column":27},"end":{"line":135,"column":28}},"loc":{"start":{"line":135,"column":55},"end":{"line":137,"column":15}},"line":135},"6":{"name":"(anonymous_6)","decl":{"start":{"line":151,"column":27},"end":{"line":151,"column":28}},"loc":{"start":{"line":151,"column":55},"end":{"line":153,"column":15}},"line":151},"7":{"name":"(anonymous_7)","decl":{"start":{"line":169,"column":27},"end":{"line":169,"column":28}},"loc":{"start":{"line":169,"column":55},"end":{"line":175,"column":15}},"line":169},"8":{"name":"(anonymous_8)","decl":{"start":{"line":170,"column":27},"end":{"line":170,"column":28}},"loc":{"start":{"line":170,"column":38},"end":{"line":174,"column":17}},"line":170},"9":{"name":"(anonymous_9)","decl":{"start":{"line":197,"column":73},"end":{"line":197,"column":74}},"loc":{"start":{"line":197,"column":79},"end":{"line":197,"column":99}},"line":197},"10":{"name":"(anonymous_10)","decl":{"start":{"line":214,"column":14},"end":{"line":214,"column":15}},"loc":{"start":{"line":215,"column":2},"end":{"line":223,"column":4}},"line":215}},"branchMap":{"0":{"loc":{"start":{"line":65,"column":4},"end":{"line":79,"column":5}},"type":"if","locations":[{"start":{"line":65,"column":4},"end":{"line":79,"column":5}},{"start":{},"end":{}}],"line":65},"1":{"loc":{"start":{"line":66,"column":6},"end":{"line":75,"column":28}},"type":"binary-expr","locations":[{"start":{"line":66,"column":6},"end":{"line":66,"column":29}},{"start":{"line":67,"column":6},"end":{"line":67,"column":28}},{"start":{"line":68,"column":6},"end":{"line":68,"column":29}},{"start":{"line":69,"column":6},"end":{"line":69,"column":29}},{"start":{"line":70,"column":6},"end":{"line":70,"column":34}},{"start":{"line":71,"column":6},"end":{"line":71,"column":34}},{"start":{"line":72,"column":6},"end":{"line":72,"column":30}},{"start":{"line":73,"column":6},"end":{"line":73,"column":26}},{"start":{"line":74,"column":6},"end":{"line":74,"column":25}},{"start":{"line":75,"column":6},"end":{"line":75,"column":28}}],"line":66},"2":{"loc":{"start":{"line":197,"column":36},"end":{"line":197,"column":62}},"type":"cond-expr","locations":[{"start":{"line":197,"column":46},"end":{"line":197,"column":55}},{"start":{"line":197,"column":57},"end":{"line":197,"column":62}}],"line":197},"3":{"loc":{"start":{"line":220,"column":21},"end":{"line":220,"column":39}},"type":"cond-expr","locations":[{"start":{"line":220,"column":27},"end":{"line":220,"column":31}},{"start":{"line":220,"column":34},"end":{"line":220,"column":39}}],"line":220},"4":{"loc":{"start":{"line":221,"column":11},"end":{"line":221,"column":53}},"type":"cond-expr","locations":[{"start":{"line":221,"column":17},"end":{"line":221,"column":46}},{"start":{"line":221,"column":49},"end":{"line":221,"column":53}}],"line":221},"5":{"loc":{"start":{"line":222,"column":11},"end":{"line":222,"column":63}},"type":"cond-expr","locations":[{"start":{"line":222,"column":18},"end":{"line":222,"column":49}},{"start":{"line":222,"column":52},"end":{"line":222,"column":63}}],"line":222}},"s":{"0":0,"1":0,"2":0,"3":0,"4":0,"5":0,"6":0,"7":0,"8":0,"9":0,"10":0,"11":0,"12":0,"13":0,"14":0,"15":0,"16":0,"17":0,"18":0,"19":0,"20":0,"21":0,"22":0,"23":0,"24":0,"25":0,"26":0,"27":0,"28":0,"29":0,"30":0,"31":0,"32":0,"33":0,"34":0,"35":0,"36":0,"37":0,"38":0},"f":{"0":0,"1":0,"2":0,"3":0,"4":0,"5":0,"6":0,"7":0,"8":0,"9":0,"10":0},"b":{"0":[0,0],"1":[0,0,0,0,0,0,0,0,0,0],"2":[0,0],"3":[0,0],"4":[0,0],"5":[0,0]}}
,"C:\\Users\\Brian\\Documents\\Undecided\\Screens\\Settings\\AccountSettings.js": {"path":"C:\\Users\\Brian\\Documents\\Undecided\\Screens\\Settings\\AccountSettings.js","statementMap":{"0":{"start":{"line":13,"column":36},"end":{"line":18,"column":6}},"1":{"start":{"line":20,"column":42},"end":{"line":20,"column":56}},"2":{"start":{"line":21,"column":28},"end":{"line":21,"column":47}},"3":{"start":{"line":23,"column":4},"end":{"line":25,"column":11}},"4":{"start":{"line":24,"column":8},"end":{"line":24,"column":25}},"5":{"start":{"line":28,"column":4},"end":{"line":30,"column":19}},"6":{"start":{"line":29,"column":8},"end":{"line":29,"column":25}},"7":{"start":{"line":32,"column":4},"end":{"line":34,"column":19}},"8":{"start":{"line":33,"column":8},"end":{"line":33,"column":29}},"9":{"start":{"line":36,"column":27},"end":{"line":41,"column":5}},"10":{"start":{"line":37,"column":20},"end":{"line":37,"column":53}},"11":{"start":{"line":38,"column":23},"end":{"line":38,"column":44}},"12":{"start":{"line":39,"column":21},"end":{"line":39,"column":41}},"13":{"start":{"line":40,"column":8},"end":{"line":40,"column":29}},"14":{"start":{"line":43,"column":31},"end":{"line":78,"column":5}},"15":{"start":{"line":44,"column":20},"end":{"line":44,"column":53}},"16":{"start":{"line":45,"column":27},"end":{"line":45,"column":48}},"17":{"start":{"line":47,"column":8},"end":{"line":50,"column":9}},"18":{"start":{"line":48,"column":12},"end":{"line":48,"column":95}},"19":{"start":{"line":49,"column":12},"end":{"line":49,"column":19}},"20":{"start":{"line":52,"column":8},"end":{"line":55,"column":9}},"21":{"start":{"line":53,"column":12},"end":{"line":53,"column":99}},"22":{"start":{"line":54,"column":12},"end":{"line":54,"column":19}},"23":{"start":{"line":57,"column":8},"end":{"line":64,"column":9}},"24":{"start":{"line":58,"column":12},"end":{"line":58,"column":54}},"25":{"start":{"line":59,"column":12},"end":{"line":59,"column":57}},"26":{"start":{"line":60,"column":15},"end":{"line":64,"column":9}},"27":{"start":{"line":61,"column":12},"end":{"line":61,"column":54}},"28":{"start":{"line":62,"column":15},"end":{"line":64,"column":9}},"29":{"start":{"line":63,"column":12},"end":{"line":63,"column":57}},"30":{"start":{"line":66,"column":8},"end":{"line":75,"column":11}},"31":{"start":{"line":67,"column":12},"end":{"line":74,"column":13}},"32":{"start":{"line":68,"column":16},"end":{"line":70,"column":19}},"33":{"start":{"line":73,"column":16},"end":{"line":73,"column":36}},"34":{"start":{"line":80,"column":30},"end":{"line":98,"column":5}},"35":{"start":{"line":82,"column":22},"end":{"line":82,"column":56}},"36":{"start":{"line":83,"column":8},"end":{"line":83,"column":26}},"37":{"start":{"line":84,"column":25},"end":{"line":84,"column":62}},"38":{"start":{"line":86,"column":27},"end":{"line":86,"column":72}},"39":{"start":{"line":87,"column":8},"end":{"line":87,"column":57}},"40":{"start":{"line":89,"column":8},"end":{"line":97,"column":11}},"41":{"start":{"line":90,"column":12},"end":{"line":90,"column":49}},"42":{"start":{"line":91,"column":12},"end":{"line":97,"column":9}},"43":{"start":{"line":93,"column":12},"end":{"line":93,"column":65}},"44":{"start":{"line":94,"column":12},"end":{"line":96,"column":14}},"45":{"start":{"line":95,"column":16},"end":{"line":95,"column":82}},"46":{"start":{"line":100,"column":33},"end":{"line":116,"column":5}},"47":{"start":{"line":101,"column":22},"end":{"line":101,"column":56}},"48":{"start":{"line":102,"column":25},"end":{"line":102,"column":62}},"49":{"start":{"line":104,"column":31},"end":{"line":104,"column":76}},"50":{"start":{"line":105,"column":12},"end":{"line":105,"column":61}},"51":{"start":{"line":107,"column":12},"end":{"line":115,"column":15}},"52":{"start":{"line":108,"column":16},"end":{"line":108,"column":53}},"53":{"start":{"line":109,"column":16},"end":{"line":115,"column":13}},"54":{"start":{"line":111,"column":16},"end":{"line":111,"column":75}},"55":{"start":{"line":112,"column":16},"end":{"line":114,"column":18}},"56":{"start":{"line":113,"column":20},"end":{"line":113,"column":89}},"57":{"start":{"line":118,"column":27},"end":{"line":125,"column":5}},"58":{"start":{"line":119,"column":28},"end":{"line":119,"column":41}},"59":{"start":{"line":120,"column":22},"end":{"line":120,"column":47}},"60":{"start":{"line":121,"column":24},"end":{"line":121,"column":35}},"61":{"start":{"line":122,"column":8},"end":{"line":122,"column":31}},"62":{"start":{"line":123,"column":8},"end":{"line":123,"column":37}},"63":{"start":{"line":124,"column":8},"end":{"line":124,"column":33}},"64":{"start":{"line":127,"column":4},"end":{"line":136,"column":6}},"65":{"start":{"line":132,"column":16},"end":{"line":132,"column":116}}},"fnMap":{"0":{"name":"AccountSettings","decl":{"start":{"line":11,"column":24},"end":{"line":11,"column":39}},"loc":{"start":{"line":11,"column":56},"end":{"line":137,"column":1}},"line":11},"1":{"name":"(anonymous_1)","decl":{"start":{"line":23,"column":14},"end":{"line":23,"column":15}},"loc":{"start":{"line":23,"column":20},"end":{"line":25,"column":5}},"line":23},"2":{"name":"(anonymous_2)","decl":{"start":{"line":28,"column":14},"end":{"line":28,"column":15}},"loc":{"start":{"line":28,"column":20},"end":{"line":30,"column":5}},"line":28},"3":{"name":"(anonymous_3)","decl":{"start":{"line":32,"column":14},"end":{"line":32,"column":15}},"loc":{"start":{"line":32,"column":20},"end":{"line":34,"column":5}},"line":32},"4":{"name":"(anonymous_4)","decl":{"start":{"line":36,"column":27},"end":{"line":36,"column":28}},"loc":{"start":{"line":36,"column":39},"end":{"line":41,"column":5}},"line":36},"5":{"name":"(anonymous_5)","decl":{"start":{"line":43,"column":31},"end":{"line":43,"column":32}},"loc":{"start":{"line":43,"column":43},"end":{"line":78,"column":5}},"line":43},"6":{"name":"(anonymous_6)","decl":{"start":{"line":66,"column":25},"end":{"line":66,"column":26}},"loc":{"start":{"line":66,"column":42},"end":{"line":75,"column":9}},"line":66},"7":{"name":"(anonymous_7)","decl":{"start":{"line":80,"column":30},"end":{"line":80,"column":31}},"loc":{"start":{"line":80,"column":50},"end":{"line":98,"column":5}},"line":80},"8":{"name":"(anonymous_8)","decl":{"start":{"line":89,"column":64},"end":{"line":89,"column":65}},"loc":{"start":{"line":89,"column":74},"end":{"line":97,"column":10}},"line":89},"9":{"name":"(anonymous_9)","decl":{"start":{"line":91,"column":76},"end":{"line":91,"column":77}},"loc":{"start":{"line":91,"column":82},"end":{"line":96,"column":15}},"line":91},"10":{"name":"(anonymous_10)","decl":{"start":{"line":94,"column":58},"end":{"line":94,"column":59}},"loc":{"start":{"line":94,"column":69},"end":{"line":96,"column":13}},"line":94},"11":{"name":"(anonymous_11)","decl":{"start":{"line":100,"column":33},"end":{"line":100,"column":34}},"loc":{"start":{"line":100,"column":56},"end":{"line":116,"column":5}},"line":100},"12":{"name":"(anonymous_12)","decl":{"start":{"line":107,"column":68},"end":{"line":107,"column":69}},"loc":{"start":{"line":107,"column":78},"end":{"line":115,"column":14}},"line":107},"13":{"name":"(anonymous_13)","decl":{"start":{"line":109,"column":80},"end":{"line":109,"column":81}},"loc":{"start":{"line":109,"column":86},"end":{"line":114,"column":19}},"line":109},"14":{"name":"(anonymous_14)","decl":{"start":{"line":112,"column":68},"end":{"line":112,"column":69}},"loc":{"start":{"line":112,"column":79},"end":{"line":114,"column":17}},"line":112},"15":{"name":"(anonymous_15)","decl":{"start":{"line":118,"column":27},"end":{"line":118,"column":28}},"loc":{"start":{"line":118,"column":46},"end":{"line":125,"column":5}},"line":118},"16":{"name":"(anonymous_16)","decl":{"start":{"line":131,"column":28},"end":{"line":131,"column":29}},"loc":{"start":{"line":132,"column":16},"end":{"line":132,"column":116}},"line":132}},"branchMap":{"0":{"loc":{"start":{"line":47,"column":8},"end":{"line":50,"column":9}},"type":"if","locations":[{"start":{"line":47,"column":8},"end":{"line":50,"column":9}},{"start":{},"end":{}}],"line":47},"1":{"loc":{"start":{"line":47,"column":12},"end":{"line":47,"column":80}},"type":"binary-expr","locations":[{"start":{"line":47,"column":12},"end":{"line":47,"column":36}},{"start":{"line":47,"column":40},"end":{"line":47,"column":80}}],"line":47},"2":{"loc":{"start":{"line":52,"column":8},"end":{"line":55,"column":9}},"type":"if","locations":[{"start":{"line":52,"column":8},"end":{"line":55,"column":9}},{"start":{},"end":{}}],"line":52},"3":{"loc":{"start":{"line":52,"column":12},"end":{"line":52,"column":67}},"type":"binary-expr","locations":[{"start":{"line":52,"column":12},"end":{"line":52,"column":36}},{"start":{"line":52,"column":40},"end":{"line":52,"column":67}}],"line":52},"4":{"loc":{"start":{"line":57,"column":8},"end":{"line":64,"column":9}},"type":"if","locations":[{"start":{"line":57,"column":8},"end":{"line":64,"column":9}},{"start":{"line":60,"column":15},"end":{"line":64,"column":9}}],"line":57},"5":{"loc":{"start":{"line":57,"column":12},"end":{"line":57,"column":64}},"type":"binary-expr","locations":[{"start":{"line":57,"column":12},"end":{"line":57,"column":36}},{"start":{"line":57,"column":40},"end":{"line":57,"column":64}}],"line":57},"6":{"loc":{"start":{"line":60,"column":15},"end":{"line":64,"column":9}},"type":"if","locations":[{"start":{"line":60,"column":15},"end":{"line":64,"column":9}},{"start":{"line":62,"column":15},"end":{"line":64,"column":9}}],"line":60},"7":{"loc":{"start":{"line":62,"column":15},"end":{"line":64,"column":9}},"type":"if","locations":[{"start":{"line":62,"column":15},"end":{"line":64,"column":9}},{"start":{},"end":{}}],"line":62},"8":{"loc":{"start":{"line":67,"column":12},"end":{"line":74,"column":13}},"type":"if","locations":[{"start":{"line":67,"column":12},"end":{"line":74,"column":13}},{"start":{},"end":{}}],"line":67},"9":{"loc":{"start":{"line":129,"column":13},"end":{"line":134,"column":19}},"type":"binary-expr","locations":[{"start":{"line":129,"column":13},"end":{"line":129,"column":24}},{"start":{"line":129,"column":29},"end":{"line":134,"column":18}}],"line":129}},"s":{"0":1,"1":1,"2":1,"3":1,"4":1,"5":1,"6":1,"7":1,"8":1,"9":1,"10":2,"11":2,"12":0,"13":0,"14":1,"15":1,"16":1,"17":0,"18":0,"19":0,"20":0,"21":0,"22":0,"23":0,"24":0,"25":0,"26":0,"27":0,"28":0,"29":0,"30":0,"31":0,"32":0,"33":0,"34":1,"35":0,"36":0,"37":0,"38":0,"39":0,"40":0,"41":0,"42":0,"43":0,"44":0,"45":0,"46":1,"47":0,"48":0,"49":0,"50":0,"51":0,"52":0,"53":0,"54":0,"55":0,"56":0,"57":1,"58":0,"59":0,"60":0,"61":0,"62":0,"63":0,"64":1,"65":0},"f":{"0":1,"1":1,"2":1,"3":1,"4":2,"5":1,"6":0,"7":0,"8":0,"9":0,"10":0,"11":0,"12":0,"13":0,"14":0,"15":0,"16":0},"b":{"0":[0,0],"1":[0,0],"2":[0,0],"3":[0,0],"4":[0,0],"5":[0,0],"6":[0,0],"7":[0,0],"8":[0,0],"9":[1,0]},"_coverageSchema":"1a1c01bbd47fc00a2c39e90264f33305004495a9","hash":"f421bb9e86faa64418cd7329cd967f304feaed12"}
,"C:\\Users\\Brian\\Documents\\Undecided\\Screens\\Settings\\BiometricsSettings.js": {"path":"C:\\Users\\Brian\\Documents\\Undecided\\Screens\\Settings\\BiometricsSettings.js","statementMap":{"0":{"start":{"line":14,"column":36},"end":{"line":18,"column":6}},"1":{"start":{"line":20,"column":46},"end":{"line":22,"column":6}},"2":{"start":{"line":24,"column":42},"end":{"line":24,"column":56}},"3":{"start":{"line":26,"column":4},"end":{"line":28,"column":11}},"4":{"start":{"line":27,"column":8},"end":{"line":27,"column":25}},"5":{"start":{"line":31,"column":4},"end":{"line":33,"column":19}},"6":{"start":{"line":32,"column":8},"end":{"line":32,"column":29}},"7":{"start":{"line":36,"column":4},"end":{"line":38,"column":24}},"8":{"start":{"line":37,"column":8},"end":{"line":37,"column":29}},"9":{"start":{"line":40,"column":27},"end":{"line":45,"column":5}},"10":{"start":{"line":41,"column":20},"end":{"line":41,"column":53}},"11":{"start":{"line":42,"column":23},"end":{"line":42,"column":44}},"12":{"start":{"line":43,"column":21},"end":{"line":43,"column":41}},"13":{"start":{"line":44,"column":8},"end":{"line":44,"column":29}},"14":{"start":{"line":47,"column":31},"end":{"line":69,"column":5}},"15":{"start":{"line":48,"column":20},"end":{"line":48,"column":53}},"16":{"start":{"line":49,"column":27},"end":{"line":49,"column":48}},"17":{"start":{"line":52,"column":8},"end":{"line":58,"column":11}},"18":{"start":{"line":53,"column":12},"end":{"line":57,"column":13}},"19":{"start":{"line":54,"column":16},"end":{"line":56,"column":19}},"20":{"start":{"line":61,"column":8},"end":{"line":68,"column":11}},"21":{"start":{"line":62,"column":12},"end":{"line":67,"column":13}},"22":{"start":{"line":63,"column":16},"end":{"line":63,"column":81}},"23":{"start":{"line":64,"column":16},"end":{"line":66,"column":19}},"24":{"start":{"line":71,"column":32},"end":{"line":79,"column":5}},"25":{"start":{"line":72,"column":8},"end":{"line":72,"column":102}},"26":{"start":{"line":73,"column":33},"end":{"line":73,"column":51}},"27":{"start":{"line":74,"column":22},"end":{"line":74,"column":52}},"28":{"start":{"line":75,"column":24},"end":{"line":75,"column":35}},"29":{"start":{"line":76,"column":8},"end":{"line":76,"column":31}},"30":{"start":{"line":77,"column":8},"end":{"line":77,"column":42}},"31":{"start":{"line":78,"column":8},"end":{"line":78,"column":43}},"32":{"start":{"line":81,"column":27},"end":{"line":88,"column":5}},"33":{"start":{"line":82,"column":28},"end":{"line":82,"column":41}},"34":{"start":{"line":83,"column":22},"end":{"line":83,"column":47}},"35":{"start":{"line":84,"column":24},"end":{"line":84,"column":35}},"36":{"start":{"line":85,"column":8},"end":{"line":85,"column":31}},"37":{"start":{"line":86,"column":8},"end":{"line":86,"column":37}},"38":{"start":{"line":87,"column":8},"end":{"line":87,"column":33}},"39":{"start":{"line":90,"column":4},"end":{"line":105,"column":6}},"40":{"start":{"line":101,"column":24},"end":{"line":101,"column":124}}},"fnMap":{"0":{"name":"BiometricsSettings","decl":{"start":{"line":12,"column":24},"end":{"line":12,"column":42}},"loc":{"start":{"line":12,"column":59},"end":{"line":106,"column":1}},"line":12},"1":{"name":"(anonymous_1)","decl":{"start":{"line":26,"column":14},"end":{"line":26,"column":15}},"loc":{"start":{"line":26,"column":20},"end":{"line":28,"column":5}},"line":26},"2":{"name":"(anonymous_2)","decl":{"start":{"line":31,"column":
[...]
"column":19}},"6":{"start":{"line":30,"column":8},"end":{"line":30,"column":29}},"7":{"start":{"line":34,"column":4},"end":{"line":36,"column":24}},"8":{"start":{"line":35,"column":8},"end":{"line":35,"column":29}},"9":{"start":{"line":38,"column":27},"end":{"line":43,"column":5}},"10":{"start":{"line":39,"column":20},"end":{"line":39,"column":53}},"11":{"start":{"line":40,"column":23},"end":{"line":40,"column":44}},"12":{"start":{"line":41,"column":21},"end":{"line":41,"column":41}},"13":{"start":{"line":42,"column":8},"end":{"line":42,"column":29}},"14":{"start":{"line":45,"column":31},"end":{"line":66,"column":5}},"15":{"start":{"line":46,"column":20},"end":{"line":46,"column":53}},"16":{"start":{"line":47,"column":27},"end":{"line":47,"column":48}},"17":{"start":{"line":50,"column":8},"end":{"line":56,"column":11}},"18":{"start":{"line":51,"column":12},"end":{"line":55,"column":13}},"19":{"start":{"line":52,"column":16},"end":{"line":54,"column":19}},"20":{"start":{"line":59,"column":8},"end":{"line":65,"column":11}},"21":{"start":{"line":60,"column":12},"end":{"line":64,"column":13}},"22":{"start":{"line":61,"column":16},"end":{"line":63,"column":19}},"23":{"start":{"line":68,"column":32},"end":{"line":75,"column":5}},"24":{"start":{"line":69,"column":33},"end":{"line":69,"column":51}},"25":{"start":{"line":70,"column":22},"end":{"line":70,"column":52}},"26":{"start":{"line":71,"column":24},"end":{"line":71,"column":35}},"27":{"start":{"line":72,"column":8},"end":{"line":72,"column":31}},"28":{"start":{"line":73,"column":8},"end":{"line":73,"column":42}},"29":{"start":{"line":74,"column":8},"end":{"line":74,"column":43}},"30":{"start":{"line":77,"column":27},"end":{"line":85,"column":5}},"31":{"start":{"line":78,"column":28},"end":{"line":78,"column":41}},"32":{"start":{"line":79,"column":22},"end":{"line":79,"column":47}},"33":{"start":{"line":80,"column":24},"end":{"line":80,"column":35}},"34":{"start":{"line":81,"column":8},"end":{"line":81,"column":31}},"35":{"start":{"line":82,"column":8},"end":{"line":82,"column":37}},"36":{"start":{"line":83,"column":8},"end":{"line":83,"column":33}},"37":{"start":{"line":84,"column":8},"end":{"line":84,"column":44}},"38":{"start":{"line":87,"column":4},"end":{"line":102,"column":6}},"39":{"start":{"line":98,"column":28},"end":{"line":98,"column":128}}},"fnMap":{"0":{"name":"GoalsSettings","decl":{"start":{"line":12,"column":24},"end":{"line":12,"column":37}},"loc":{"start":{"line":12,"column":54},"end":{"line":103,"column":1}},"line":12},"1":{"name":"(anonymous_1)","decl":{"start":{"line":24,"column":14},"end":{"line":24,"column":15}},"loc":{"start":{"line":24,"column":20},"end":{"line":26,"column":5}},"line":24},"2":{"name":"(anonymous_2)","decl":{"start":{"line":29,"column":14},"end":{"line":29,"column":15}},"loc":{"start":{"line":29,"column":20},"end":{"line":31,"column":5}},"line":29},"3":{"name":"(anonymous_3)","decl":{"start":{"line":34,"column":14},"end":{"line":34,"column":15}},"loc":{"start":{"line":34,"column":20},"end":{"line":36,"column":5}},"line":34},"4":{"name":"(anonymous_4)","decl":{"start":{"line":38,"column":27},"end":{"line":38,"column":28}},"loc":{"start":{"line":38,"column":39},"end":{"line":43,"column":5}},"line":38},"5":{"name":"(anonymous_5)","decl":{"start":{"line":45,"column":31},"end":{"line":45,"column":32}},"loc":{"start":{"line":45,"column":43},"end":{"line":66,"column":5}},"line":45},"6":{"name":"(anonymous_6)","decl":{"start":{"line":50,"column":25},"end":{"line":50,"column":26}},"loc":{"start":{"line":50,"column":42},"end":{"line":56,"column":9}},"line":50},"7":{"name":"(anonymous_7)","decl":{"start":{"line":59,"column":30},"end":{"line":59,"column":31}},"loc":{"start":{"line":59,"column":47},"end":{"line":65,"column":9}},"line":59},"8":{"name":"(anonymous_8)","decl":{"start":{"line":68,"column":32},"end":{"line":68,"column":33}},"loc":{"start":{"line":68,"column":51},"end":{"line":75,"column":5}},"line":68},"9":{"name":"(anonymous_9)","decl":{"start":{"line":77,"column":27},"end":{"line":77,"column":28}},"loc":{"start":{"line":77,"column":52},"end":{"line":85,"column":5}},"line":77},"10":{"name":"(anonymous_10)","decl":{"start":{"line":97,"column":36},"end":{"line":97,"column":37}},"loc":{"start":{"line":98,"column":28},"end":{"line":98,"column":128}},"line":98}},"branchMap":{"0":{"loc":{"start":{"line":51,"column":12},"end":{"line":55,"column":13}},"type":"if","locations":[{"start":{"line":51,"column":12},"end":{"line":55,"column":13}},{"start":{},"end":{}}],"line":51},"1":{"loc":{"start":{"line":60,"column":12},"end":{"line":64,"column":13}},"type":"if","locations":[{"start":{"line":60,"column":12},"end":{"line":64,"column":13}},{"start":{},"end":{}}],"line":60},"2":{"loc":{"start":{"line":89,"column":13},"end":{"line":99,"column":24}},"type":"binary-expr","locations":[{"start":{"line":89,"column":13},"end":{"line":89,"column":24}},{"start":{"line":90,"column":20},"end":{"line":99,"column":24}}],"line":89}},"s":{"0":0,"1":0,"2":0,"3":0,"4":0,"5":0,"6":0,"7":0,"8":0,"9":0,"10":0,"11":0,"12":0,"13":0,"14":0,"15":0,"16":0,"17":0,"18":0,"19":0,"20":0,"21":0,"22":0,"23":0,"24":0,"25":0,"26":0,"27":0,"28":0,"29":0,"30":0,"31":0,"32":0,"33":0,"34":0,"35":0,"36":0,"37":0,"38":0,"39":0},"f":{"0":0,"1":0,"2":0,"3":0,"4":0,"5":0,"6":0,"7":0,"8":0,"9":0,"10":0},"b":{"0":[0,0],"1":[0,0],"2":[0,0]}}
,"C:\\Users\\Brian\\Documents\\Undecided\\Screens\\Settings\\UserSettings.js": {"path":"C:\\Users\\Brian\\Documents\\Undecided\\Screens\\Settings\\UserSettings.js","statementMap":{"0":{"start":{"line":6,"column":44},"end":{"line":11,"column":6}},"1":{"start":{"line":13,"column":4},"end":{"line":26,"column":5}},"2":{"start":{"line":18,"column":20},"end":{"line":22,"column":39}},"3":{"start":{"line":18,"column":53},"end":{"line":18,"column":85}}},"fnMap":{"0":{"name":"UserSettings","decl":{"start":{"line":5,"column":24},"end":{"line":5,"column":36}},"loc":{"start":{"line":5,"column":54},"end":{"line":27,"column":1}},"line":5},"1":{"name":"(anonymous_1)","decl":{"start":{"line":17,"column":29},"end":{"line":17,"column":30}},"loc":{"start":{"line":18,"column":20},"end":{"line":22,"column":39}},"line":18},"2":{"name":"(anonymous_2)","decl":{"start":{"line":18,"column":47},"end":{"line":18,"column":48}},"loc":{"start":{"line":18,"column":53},"end":{"line":18,"column":85}},"line":18}},"branchMap":{},"s":{"0":0,"1":0,"2":0,"3":0},"f":{"0":0,"1":0,"2":0},"b":{}}
,"C:\\Users\\Brian\\Documents\\Undecided\\components\\CalorieGoal.js": {"path":"C:\\Users\\Brian\\Documents\\Undecided\\components\\CalorieGoal.js","statementMap":{"0":{"start":{"line":8,"column":23},"end":{"line":26,"column":1}},"1":{"start":{"line":9,"column":42},"end":{"line":9,"column":53}},"2":{"start":{"line":11,"column":16},"end":{"line":11,"column":40}},"3":{"start":{"line":13,"column":2},"end":{"line":13,"column":26}},"4":{"start":{"line":16,"column":21},"end":{"line":16,"column":79}},"5":{"start":{"line":18,"column":2},"end":{"line":25,"column":4}},"6":{"start":{"line":28,"column":15},"end":{"line":45,"column":2}}},"fnMap":{"0":{"name":"(anonymous_0)","decl":{"start":{"line":8,"column":23},"end":{"line":8,"column":24}},"loc":{"start":{"line":8,"column":73},"end":{"line":26,"column":1}},"line":8}},"branchMap":{},"s":{"0":0,"1":0,"2":0,"3":0,"4":0,"5":0,"6":0},"f":{"0":0},"b":{}}
,"C:\\Users\\Brian\\Documents\\Undecided\\components\\CheckboxSetting.js": {"path":"C:\\Users\\Brian\\Documents\\Undecided\\components\\CheckboxSetting.js","statementMap":{"0":{"start":{"line":14,"column":38},"end":{"line":14,"column":66}},"1":{"start":{"line":16,"column":26},"end":{"line":19,"column":5}},"2":{"start":{"line":17,"column":8},"end":{"line":17,"column":35}},"3":{"start":{"line":18,"column":8},"end":{"line":18,"column":43}},"4":{"start":{"line":21,"column":4},"end":{"line":30,"column":6}},"5":{"start":{"line":33,"column":15},"end":{"line":38,"column":2}}},"fnMap":{"0":{"name":"CheckboxSetting","decl":{"start":{"line":12,"column":24},"end":{"line":12,"column":39}},"loc":{"start":{"line":12,"column":86},"end":{"line":31,"column":1}},"line":12},"1":{"name":"(anonymous_1)","decl":{"start":{"line":16,"column":26},"end":{"line":16,"column":27}},"loc":{"start":{"line":16,"column":44},"end":{"line":19,"column":5}},"line":16}},"branchMap":{},"s":{"0":0,"1":0,"2":0,"3":0,"4":0,"5":0},"f":{"0":0,"1":0},"b":{}}
,"C:\\Users\\Brian\\Documents\\Undecided\\components\\DiaryStackScreen.js": {"path":"C:\\Users\\Brian\\Documents\\Undecided\\components\\DiaryStackScreen.js","statementMap":{"0":{"start":{"line":7,"column":19},"end":{"line":7,"column":41}},"1":{"start":{"line":8,"column":16},"end":{"line":8,"column":38}},"2":{"start":{"line":10,"column":2},"end":{"line":17,"column":4}}},"fnMap":{"0":{"name":"DiaryStackScreen","decl":{"start":{"line":9,"column":9},"end":{"line":9,"column":25}},"loc":{"start":{"line":9,"column":28},"end":{"line":18,"column":1}},"line":9}},"branchMap":{},"s":{"0":0,"1":0,"2":0},"f":{"0":0},"b":{}}
,"C:\\Users\\Brian\\Documents\\Undecided\\components\\DiaryTile.js": {"path":"C:\\Users\\Brian\\Documents\\Undecided\\components\\DiaryTile.js","statementMap":{"0":{"start":{"line":7,"column":21},"end":{"line":22,"column":1}},"1":{"start":{"line":9,"column":22},"end":{"line":9,"column":37}},"2":{"start":{"line":11,"column":2},"end":{"line":20,"column":3}},"3":{"start":{"line":12,"column":56},"end":{"line":12,"column":133}},"4":{"start":{"line":25,"column":15},"end":{"line":51,"column":2}}},"fnMap":{"0":{"name":"(anonymous_0)","decl":{"start":{"line":7,"column":21},"end":{"line":7,"column":22}},"loc":{"start":{"line":7,"column":32},"end":{"line":22,"column":1}},"line":7},"1":{"name":"(anonymous_1)","decl":{"start":{"line":12,"column":50},"end":{"line":12,"column":51}},"loc":{"start":{"line":12,"column":56},"end":{"line":12,"column":133}},"line":12}},"branchMap":{},"s":{"0":0,"1":0,"2":0,"3":0,"4":0},"f":{"0":0,"1":0},"b":{}}
,"C:\\Users\\Brian\\Documents\\Undecided\\components\\HomeStackScreen.js": {"path":"C:\\Users\\Brian\\Documents\\Undecided\\components\\HomeStackScreen.js","statementMap":{"0":{"start":{"line":7,"column":16},"end":{"line":7,"column":42}},"1":{"start":{"line":10,"column":2},"end":{"line":29,"column":4}},"2":{"start":{"line":12,"column":33},"end":{"line":24,"column":5}},"3":{"start":{"line":15,"column":8},"end":{"line":21,"column":9}},"4":{"start":{"line":16,"column":10},"end":{"line":16,"column":55}},"5":{"start":{"line":17,"column":15},"end":{"line":21,"column":9}},"6":{"start":{"line":18,"column":10},"end":{"line":18,"column":55}},"7":{"start":{"line":19,"column":15},"end":{"line":21,"column":9}},"8":{"start":{"line":20,"column":10},"end":{"line":20,"column":63}},"9":{"start":{"line":22,"column":8},"end":{"line":22,"column":70}}},"fnMap":{"0":{"name":"HomeTabScreen","decl":{"start":{"line":9,"column":9},"end":{"line":9,"column":22}},"loc":{"start":{"line":9,"column":25},"end":{"line":30,"column":1}},"line":9},"1":{"name":"(anonymous_1)","decl":{"start":{"line":12,"column":19},"end":{"line":12,"column":20}},"loc":{"start":{"line":12,"column":33},"end":{"line":24,"column":5}},"line":12},"2":{"name":"(anonymous_2)","decl":{"start":{"line":13,"column":18},"end":{"line":13,"column":19}},"loc":{"start":{"line":13,"column":46},"end":{"line":23,"column":7}},"line":13}},"branchMap":{"0":{"loc":{"start":{"line":15,"column":8},"end":{"line":21,"column":9}},"type":"if","locations":[{"start":{"line":15,"column":8},"end":{"line":21,"column":9}},{"start":{"line":17,"column":15},"end":{"line":21,"column":9}}],"line":15},"1":{"loc":{"start":{"line":16,"column":21},"end":{"line":16,"column":54}},"type":"cond-expr","locations":[{"start":{"line":16,"column":31},"end":{"line":16,"column":37}},{"start":{"line":16,"column":40},"end":{"line":16,"column":54}}],"line":16},"2":{"loc":{"start":{"line":17,"column":15},"end":{"line":21,"column":9}},"type":"if","locations":[{"start":{"line":17,"column":15},"end":{"line":21,"column":9}},{"start":{"line":19,"column":15},"end":{"line":21,"column":9}}],"line":17},"3":{"loc":{"start":{"line":18,"column":21},"end":{"line":18,"column":54}},"type":"cond-expr","locations":[{"start":{"line":18,"column":31},"end":{"line":18,"column":37}},{"start":{"line":18,"column":40},"end":{"line":18,"column":54}}],"line":18},"4":{"loc":{"start":{"line":19,"column":15},"end":{"line":21,"column":9}},"type":"if","locations":[{"start":{"line":19,"column":15},"end":{"line":21,"column":9}},{"start":{},"end":{}}],"line":19},"5":{"loc":{"start":{"line":20,"column":21},"end":{"line":20,"column":62}},"type":"cond-expr","locations":[{"start":{"line":20,"column":31},"end":{"line":20,"column":41}},{"start":{"line":20,"column":44},"end":{"line":20,"column":62}}],"line":20}},"s":{"0":0,"1":0,"2":0,"3":0,"4":0,"5":0,"6":0,"7":0,"8":0,"9":0},"f":{"0":0,"1":0,"2":0},"b":{"0":[0,0],"1":[0,0],"2":[0,0],"3":[0,0],"4":[0,0],"5":[0,0]}}
,"C:\\Users\\Brian\\Documents\\Undecided\\components\\RadioSetting.js": {"path":"C:\\Users\\Brian\\Documents\\Undecided\\components\\RadioSetting.js","statementMap":{"0":{"start":{"line":14,"column":48},"end":{"line":14,"column":75}},"1":{"start":{"line":15,"column":40},"end":{"line":15,"column":89}},"2":{"start":{"line":18,"column":20},"end":{"line":18,"column":22}},"3":{"start":{"line":19,"column":8},"end":{"line":22,"column":11}},"4":{"start":{"line":20,"column":24},"end":{"line":20,"column":40}},"5":{"start":{"line":21,"column":12},"end":{"line":21,"column":26}},"6":{"start":{"line":23,"column":8},"end":{"line":23,"column":19}},"7":{"start":{"line":26,"column":26},"end":{"line":30,"column":5}},"8":{"start":{"line":27,"column":22},"end":{"line":27,"column":38}},"9":{"start":{"line":28,"column":8},"end":{"line":28,"column":32}},"10":{"start":{"line":29,"column":8},"end":{"line":29,"column":36}},"11":{"start":{"line":32,"column":4},"end":{"line":41,"column":6}},"12":{"start":{"line":38,"column":54},"end":{"line":38,"column":85}}},"fnMap":{"0":{"name":"RadioSetting","decl":{"start":{"line":12,"column":24},"end":{"line":12,"column":36}},"loc":{"start":{"line":12,"column":98},"end":{"line":42,"column":1}},"line":12},"1":{"name":"buttonNameListToObjects","decl":{"start":{"line":17,"column":13},"end":{"line":17,"column":36}},"loc":{"start":{"line":17,"column":53},"end":{"line":24,"column":5}},"line":17},"2":{"name":"(anonymous_2)","decl":{"start":{"line":19,"column":31},"end":{"line":19,"column":32}},"loc":{"start":{"line":19,"column":42},"end":{"line":22,"column":9}},"line":19},"3":{"name":"(anonymous_3)","decl":{"start":{"line":26,"column":26},"end":{"line":26,"column":27}},"loc":{"start":{"line":26,"column":42},"end":{"line":30,"column":5}},"line":26},"4":{"name":"(anonymous_4)","decl":{"start":{"line":38,"column":46},"end":{"line":38,"column":47}},"loc":{"start":{"line":38,"column":54},"end":{"line":38,"column":85}},"line":38}},"branchMap":{},"s":{"0":0,"1":0,"2":0,"3":0,"4":0,"5":0,"6":0,"7":0,"8":0,"9":0,"10":0,"11":0,"12":0},"f":{"0":0,"1":0,"2":0,"3":0,"4":0},"b":{}}
,"C:\\Users\\Brian\\Documents\\Undecided\\components\\SearchResult.js": {"path":"C:\\Users\\Brian\\Documents\\Undecided\\components\\SearchResult.js","statementMap":{"0":{"start":{"line":8,"column":21},"end":{"line":23,"column":1}},"1":{"start":{"line":10,"column":22},"end":{"line":10,"column":37}},"2":{"start":{"line":12,"column":2},"end":{"line":21,"column":3}},"3":{"start":{"line":13,"column":56},"end":{"line":13,"column":132}},"4":{"start":{"line":26,"column":15},"end":{"line":52,"column":2}}},"fnMap":{"0":{"name":"(anonymous_0)","decl":{"start":{"line":8,"column":21},"end":{"line":8,"column":22}},"loc":{"start":{"line":8,"column":32},"end":{"line":23,"column":1}},"line":8},"1":{"name":"(anonymous_1)","decl":{"start":{"line":13,"column":50},"end":{"line":13,"column":51}},"loc":{"start":{"line":13,"column":56},"end":{"line":13,"column":132}},"line":13}},"branchMap":{},"s":{"0":2,"1":0,"2":0,"3":0,"4":2},"f":{"0":0,"1":0},"b":{},"_coverageSchema":"1a1c01bbd47fc00a2c39e90264f33305004495a9","hash":"233a1aab7448adc7f10826a2682a17ed99926c6f"}
,"C:\\Users\\Brian\\Documents\\Undecided\\components\\Setting.js": {"path":"C:\\Users\\Brian\\Documents\\Undecided\\components\\Setting.js","statementMap":{"0":{"start":{"line":10,"column":38},"end":{"line":10,"column":59}},"1":{"start":{"line":12,"column":26},"end":{"line":14,"column":5}},"2":{"start":{"line":13,"column":8},"end":{"line":13,"column":26}},"3":{"start":{"line":16,"column":30},"end":{"line":18,"column":5}},"4":{"start":{"line":17,"column":8},"end":{"line":17,"column":50}},"5":{"start":{"line":20,"column":4},"end":{"line":36,"column":6}},"6":{"start":{"line":40,"column":22},"end":{"line":42,"column":1}},"7":{"start":{"line":41,"column":4},"end":{"line":41,"column":33}},"8":{"start":{"line":44,"column":15},"end":{"line":62,"column":2}}},"fnMap":{"0":{"name":"Setting","decl":{"start":{"line":8,"column":24},"end":{"line":8,"column":31}},"loc":{"start":{"line":8,"column":71},"end":{"line":37,"column":1}},"line":8},"1":{"name":"(anonymous_1)","decl":{"start":{"line":12,"column":26},"end":{"line":12,"column":27}},"loc":{"start":{"line":12,"column":35},"end":{"line":14,"column":5}},"line":12},"2":{"name":"(anonymous_2)","decl":{"start":{"line":16,"column":30},"end":{"line":16,"column":31}},"loc":{"start":{"line":16,"column":39},"end":{"line":18,"column":5}},"line":16},"3":{"name":"(anonymous_3)","decl":{"start":{"line":40,"column":22},"end":{"line":40,"column":23}},"loc":{"start":{"line":40,"column":37},"end":{"line":42,"column":1}},"line":40}},"branchMap":{},"s":{"0":0,"1":0,"2":0,"3":0,"4":0,"5":0,"6":1,"7":0,"8":1},"f":{"0":0,"1":0,"2":0,"3":0},"b":{},"_coverageSchema":"1a1c01bbd47fc00a2c39e90264f33305004495a9","hash":"46854d53e8a892b0c45f20daeebcb2405caf0479"}
,"C:\\Users\\Brian\\Documents\\Undecided\\components\\SettingStackScreen.js": {"path":"C:\\Users\\Brian\\Documents\\Undecided\\components\\SettingStackScreen.js","statementMap":{"0":{"start":{"line":9,"column":16},"end":{"line":9,"column":38}},"1":{"start":{"line":10,"column":22},"end":{"line":10,"column":44}},"2":{"start":{"line":12,"column":2},"end":{"line":20,"column":4}}},"fnMap":{"0":{"name":"SettingStackScreen","decl":{"start":{"line":11,"column":9},"end":{"line":11,"column":27}},"loc":{"start":{"line":11,"column":30},"end":{"line":21,"column":1}},"line":11}},"branchMap":{},"s":{"0":0,"1":0,"2":0},"f":{"0":0},"b":{}}
,"C:\\Users\\Brian\\Documents\\Undecided\\constants\\ActivityLevels.js": {"path":"C:\\Users\\Brian\\Documents\\Undecided\\constants\\ActivityLevels.js","statementMap":{"0":{"start":{"line":1,"column":30},"end":{"line":6,"column":2}}},"fnMap":{},"branchMap":{},"s":{"0":0},"f":{},"b":{}}
,"C:\\Users\\Brian\\Documents\\Undecided\\constants\\DietaryRestrictions.js": {"path":"C:\\Users\\Brian\\Documents\\Undecided\\constants\\DietaryRestrictions.js","statementMap":{"0":{"start":{"line":1,"column":35},"end":{"line":9,"column":2}}},"fnMap":{},"branchMap":{},"s":{"0":0},"f":{},"b":{}}
,"C:\\Users\\Brian\\Documents\\Undecided\\constants\\Goals.js": {"path":"C:\\Users\\Brian\\Documents\\Undecided\\constants\\Goals.js","statementMap":{"0":{"start":{"line":1,"column":21},"end":{"line":6,"column":2}}},"fnMap":{},"branchMap":{},"s":{"0":0},"f":{},"b":{}}
,"C:\\Users\\Brian\\Documents\\Undecided\\constants\\colors.js": {"path":"C:\\Users\\Brian\\Documents\\Undecided\\constants\\colors.js","statementMap":{"0":{"start":{"line":1,"column":22},"end":{"line":7,"column":3}}},"fnMap":{},"branchMap":{},"s":{"0":4},"f":{},"b":{},"_coverageSchema":"1a1c01bbd47fc00a2c39e90264f33305004495a9","hash":"c1cce46219f69d11f5bd6172e8cb4fa0f8b1934a"}
,"C:\\Users\\Brian\\Documents\\Undecided\\styles\\global.js": {"path":"C:\\Users\\Brian\\Documents\\Undecided\\styles\\global.js","statementMap":{"0":{"start":{"line":4,"column":28},"end":{"line":56,"column":2}}},"fnMap":{},"branchMap":{},"s":{"0":1},"f":{},"b":{},"_coverageSchema":"1a1c01bbd47fc00a2c39e90264f33305004495a9","hash":"4191b8558dcf101bd6c05d5e81c7d750cf0b62b9"}
}
